<?xml version="1.0" encoding="UTF-8"?>
<testsuite name="Linux-g++"
	tests="1"
	failures="1"
	disabled="0"
	skipped="0"
	hostname="lizhidan-p02"
	time="0"
	timestamp="2026-09-10T16:54:03"
	>
	<testcase name="U01_async_logging_student" classname="U01_async_logging_student" time="0.00171655" status="fail">
		<failure message="Failed"/>
		<properties>
			<property name="cmake_labels" value="student"/>
		</properties>
		<system-out>STARTER INCOMPLETE: U01 Part 1-4 未完成；未启动 async logger。
</system-out>
	</testcase>
</testsuite>
