<?xml version="1.0" encoding="UTF-8"?>
<testsuite name="Linux-g++"
	tests="4"
	failures="0"
	disabled="0"
	skipped="0"
	hostname="lizhidan-p02"
	time="0"
	timestamp="2026-09-10T16:47:01"
	>
	<testcase name="U01_async_logging_reference" classname="U01_async_logging_reference" time="0.103453" status="run">
		<properties>
			<property name="cmake_labels" value="reference"/>
		</properties>
		<system-out>U01_async_logging_reference OK
</system-out>
	</testcase>
	<testcase name="U01_async_logging_good" classname="U01_async_logging_good" time="0.104923" status="run">
		<properties>
			<property name="cmake_labels" value="validation"/>
		</properties>
		<system-out>U01_async_logging_check OK
</system-out>
	</testcase>
	<testcase name="U01_async_logging_bad_overflow_rejected" classname="U01_async_logging_bad_overflow_rejected" time="0.108714" status="run">
		<properties>
			<property name="cmake_labels" value="negative"/>
		</properties>
		<system-out>-- Rejected the intended bad implementation: overrun counter
</system-out>
	</testcase>
	<testcase name="U01_async_logging_bad_flush_rejected" classname="U01_async_logging_bad_flush_rejected" time="0.110301" status="run">
		<properties>
			<property name="cmake_labels" value="negative"/>
		</properties>
		<system-out>-- Rejected the intended bad implementation: queued flush runs during drain
</system-out>
	</testcase>
</testsuite>
