<?xml version="1.0" encoding="UTF-8"?>
<testsuite name="Linux-clang++-18"
	tests="5"
	failures="0"
	disabled="0"
	skipped="5"
	hostname="lizhidan-p02"
	time="0"
	timestamp="2026-09-10T17:42:01"
	>
	<testcase name="F01_thread_attributes_reference" classname="F01_thread_attributes_reference" time="0.00139881" status="notrun">
		<skipped message="SKIP_RETURN_CODE=77"/>
		<properties>
			<property name="cmake_labels" value="reference"/>
		</properties>
		<system-out>SKIP: CS_HAS_STD_THREAD_ATTRIBUTES=0; C++29 thread attributes unavailable
</system-out>
	</testcase>
	<testcase name="F02_hazard_pointer_batches_reference" classname="F02_hazard_pointer_batches_reference" time="0.00131884" status="notrun">
		<skipped message="SKIP_RETURN_CODE=77"/>
		<properties>
			<property name="cmake_labels" value="reference"/>
		</properties>
		<system-out>SKIP: CS_HAS_STD_HAZARD_POINTER_BATCH=0; C++29 hazard pointer batch unavailable
</system-out>
	</testcase>
	<testcase name="F03_std_senders_reference" classname="F03_std_senders_reference" time="0.00109154" status="notrun">
		<skipped message="SKIP_RETURN_CODE=77"/>
		<properties>
			<property name="cmake_labels" value="native;reference"/>
		</properties>
		<system-out>SKIP: CS_HAS_STD_SENDERS=0; native standard sender unavailable
</system-out>
	</testcase>
	<testcase name="F03_std_hazard_pointer_reference" classname="F03_std_hazard_pointer_reference" time="0.00167452" status="notrun">
		<skipped message="SKIP_RETURN_CODE=77"/>
		<properties>
			<property name="cmake_labels" value="native;reference"/>
		</properties>
		<system-out>SKIP: CS_HAS_STD_HAZARD_POINTER=0; native standard hazard_pointer unavailable
</system-out>
	</testcase>
	<testcase name="F03_std_rcu_reference" classname="F03_std_rcu_reference" time="0.00133479" status="notrun">
		<skipped message="SKIP_RETURN_CODE=77"/>
		<properties>
			<property name="cmake_labels" value="native;reference"/>
		</properties>
		<system-out>SKIP: CS_HAS_STD_RCU=0; native standard rcu unavailable
</system-out>
	</testcase>
</testsuite>
