<?xml version="1.0" encoding="UTF-8"?>
<testsuite name="Linux-g++"
	tests="70"
	failures="0"
	disabled="0"
	skipped="7"
	hostname="lizhidan-p02"
	time="1"
	timestamp="2026-09-10T17:37:39"
	>
	<testcase name="A1_jthread_lifecycle_reference" classname="A1_jthread_lifecycle_reference" time="0.00429933" status="run">
		<properties>
			<property name="cmake_labels" value="reference"/>
		</properties>
		<system-out>Part 1: worker result=42 -&gt; join returned; second join rejected
Part 2: association moved; scope ended after result=7
Part 3: destructor requests stop -&gt; worker observes -&gt; scope returns
Part 4: copy result=11/original=10; ref original=11; move result=42
A1_reference OK
</system-out>
	</testcase>
	<testcase name="A2_stop_token_cancellation_reference" classname="A2_stop_token_cancellation_reference" time="0.00186428" status="run">
		<properties>
			<property name="cmake_labels" value="reference"/>
		</properties>
		<system-out>SKIP inplace_stop_token: capability unavailable; C++23 baseline checked
A2 OK: polling, shared state, callbacks, callback lifetime
</system-out>
	</testcase>
	<testcase name="A3_thread_exception_reference" classname="A3_thread_exception_reference" time="0.00159064" status="run">
		<properties>
			<property name="cmake_labels" value="reference"/>
		</properties>
		<system-out>Part 1: joined -&gt; value 42
Part 1: joined -&gt; original failure rethrown
Part 2: get returns 42
Part 2: get rethrows failure
Part 3: abandoned provider -&gt; broken_promise
A3_reference OK
</system-out>
	</testcase>
	<testcase name="B1_mutex_family_reference" classname="B1_mutex_family_reference" time="0.00303179" status="run">
		<properties>
			<property name="cmake_labels" value="reference"/>
		</properties>
		<system-out>B1 OK: counter, shared invariant, lock ownership, timed/recursive
</system-out>
	</testcase>
	<testcase name="B2_deadlock_scoped_lock_reference" classname="B2_deadlock_scoped_lock_reference" time="0.00159566" status="run">
		<properties>
			<property name="cmake_labels" value="reference"/>
		</properties>
		<system-out>B2 OK: scoped_lock, adopt_lock, total order, self-transfer
</system-out>
	</testcase>
	<testcase name="B3_call_once_reference" classname="B3_call_once_reference" time="0.0018709" status="run">
		<properties>
			<property name="cmake_labels" value="reference"/>
		</properties>
		<system-out>B3 OK: retry, once-only success, publication, local static
</system-out>
	</testcase>
	<testcase name="C1_condvar_predicate_reference" classname="C1_condvar_predicate_reference" time="0.0044344" status="run">
		<properties>
			<property name="cmake_labels" value="reference"/>
		</properties>
		<system-out>C1 OK: early state, broadcast, unrelated notify, deadline predicates
</system-out>
	</testcase>
	<testcase name="C2_bounded_queue_condvar_reference" classname="C2_bounded_queue_condvar_reference" time="0.0648646" status="run">
		<properties>
			<property name="cmake_labels" value="reference"/>
		</properties>
		<system-out>C2 OK: capacity=1, FIFO, MPMC IDs, move-only, close/drain
</system-out>
	</testcase>
	<testcase name="C3_interruptible_wait_reference" classname="C3_interruptible_wait_reference" time="0.00203057" status="run">
		<properties>
			<property name="cmake_labels" value="reference"/>
		</properties>
		<system-out>C3 OK: data, cancellation, pre-stop, data/stop priority, timeout, close
</system-out>
	</testcase>
	<testcase name="Capstone1_thread_pool_reference" classname="Capstone1_thread_pool_reference" time="0.0178559" status="run">
		<properties>
			<property name="cmake_labels" value="reference"/>
		</properties>
		<system-out>thread_pool OK: asynchronous, futures, capacity=1, drain, shutdown, ownership
</system-out>
	</testcase>
	<testcase name="Capstone2_lockfree_queue_reference" classname="Capstone2_lockfree_queue_reference" time="0.0381932" status="run">
		<properties>
			<property name="cmake_labels" value="reference"/>
		</properties>
		<system-out>capacity=2 atomics lock-free=1
capacity=4 atomics lock-free=1
capacity=64 atomics lock-free=1
Capstone2 OK: capacity, batch, MPSC/SPMC/MPMC IDs, reservation gap, wrap model
</system-out>
	</testcase>
	<testcase name="Capstone3_parallel_compute_reference" classname="Capstone3_parallel_compute_reference" time="0.00628851" status="run">
		<properties>
			<property name="cmake_labels" value="reference"/>
		</properties>
		<system-out>suite,variant,size,threads,milliseconds,completed,details
"cap3_gemm","naive",7,1,0.00057,49,"C overwrite/zeroing and worker lifecycle included; block=16; FLOP=2*n^3; caller=1; workers=0; threads counts workers when nonzero, otherwise caller (backend unknown=0)"
"cap3_gemm","tiled",7,1,0.00062,49,"C overwrite/zeroing and worker lifecycle included; block=16; FLOP=2*n^3; caller=1; workers=0; threads counts workers when nonzero, otherwise caller (backend unknown=0)"
"cap3_gemm","threaded",7,2,0.131186,49,"C overwrite/zeroing and worker lifecycle included; block=16; FLOP=2*n^3; caller=1; workers=2; threads counts workers when nonzero, otherwise caller (backend unknown=0)"
"cap3_gemm","par",7,0,0.00046,49,"C overwrite/zeroing and worker lifecycle included; block=16; FLOP=2*n^3; caller=1; workers=unmeasured; threads counts workers when nonzero, otherwise caller (backend unknown=0)"
"cap3_gemm","sse2",7,1,0.00053,49,"C overwrite/zeroing and worker lifecycle included; block=16; FLOP=2*n^3; caller=1; workers=0; thread...
[This part of the test output was removed since it exceeds the threshold of 1024 bytes.]
</system-out>
	</testcase>
	<testcase name="D1_promise_future_reference" classname="D1_promise_future_reference" time="0.00227513" status="run">
		<properties>
			<property name="cmake_labels" value="reference"/>
		</properties>
		<system-out>Part 1: published input=21; get=42
Part 2: published input=21; get rethrows calculation_failure
Part 3: consumers[0..2]=100; repeated shared get succeeds
Part 4: early return -&gt; broken_promise; void event consumed
D1_reference OK
</system-out>
	</testcase>
	<testcase name="D2_async_policies_reference" classname="D2_async_policies_reference" time="0.0024801" status="run">
		<properties>
			<property name="cmake_labels" value="reference"/>
		</properties>
		<system-out>Part 1: explicit deferred=caller, explicit async=other; default status=timeout, default thread=140592201856704
Part 2: temporary finishes each iteration; retained batch submits 3 before completion
Part 3: non-last returns; last async release joins; ordinary/deferred do not wait for work
Part 4: both policies store exceptions; get rethrows
D2_reference OK
</system-out>
	</testcase>
	<testcase name="D3_packaged_task_reference" classname="D3_packaged_task_reference" time="0.00216951" status="run">
		<properties>
			<property name="cmake_labels" value="reference"/>
		</properties>
		<system-out>Part 1: same task abstraction, caller or worker selected by invocation
Parts 2/3: 7 queued, 7 executed; int/string results, job 3 exception
Part 4: repeated invocation rejected; discarded task -&gt; broken_promise
Part 5: pending at close=0, executed IDs:; rejected=broken_promise; release=value
Part 5: pending at close=4, executed IDs: 0 1 2 3; rejected=broken_promise; release=value
Part 5: pending at close=4, executed IDs: 0 1 2 3; rejected=broken_promise; release=abandoned
D3_reference OK
</system-out>
	</testcase>
	<testcase name="E1_atomic_basics_reference" classname="E1_atomic_basics_reference" time="0.00231821" status="run">
		<properties>
			<property name="cmake_labels" value="reference"/>
		</properties>
		<system-out>atomic&lt;int&gt;: runtime lock-free=1, always=1
E1_reference OK: split/RMW, operations, flag lock
</system-out>
	</testcase>
	<testcase name="E2_atomic_ref_reference" classname="E2_atomic_ref_reference" time="0.00153088" status="run">
		<properties>
			<property name="cmake_labels" value="reference"/>
		</properties>
		<system-out>required_alignment=4, alignof(int)=4, lock-free=1
E2_reference OK: per-element alignment and access phases
</system-out>
	</testcase>
	<testcase name="E3_cas_loop_reference" classname="E3_cas_loop_reference" time="0.00153277" status="run">
		<properties>
			<property name="cmake_labels" value="reference"/>
		</properties>
		<system-out>SKIP native C++26 fetch_min/max: lane disabled or probe not passed; see CONCURRENCY_STUDY_ENABLE_CXX26 and capabilities log
E3_reference OK: expected, max, checked multiply
</system-out>
	</testcase>
	<testcase name="F01_thread_attributes_reference" classname="F01_thread_attributes_reference" time="0.00119069" status="notrun">
		<skipped message="SKIP_RETURN_CODE=77"/>
		<properties>
			<property name="cmake_labels" value="reference"/>
		</properties>
		<system-out>SKIP: CS_HAS_STD_THREAD_ATTRIBUTES=0; C++29 thread attributes unavailable
</system-out>
	</testcase>
	<testcase name="F02_hazard_pointer_batches_reference" classname="F02_hazard_pointer_batches_reference" time="0.000963711" status="notrun">
		<skipped message="SKIP_RETURN_CODE=77"/>
		<properties>
			<property name="cmake_labels" value="reference"/>
		</properties>
		<system-out>SKIP: CS_HAS_STD_HAZARD_POINTER_BATCH=0; C++29 hazard pointer batch unavailable
</system-out>
	</testcase>
	<testcase name="F1_release_acquire_reference" classname="F1_release_acquire_reference" time="0.00124082" status="run">
		<properties>
			<property name="cmake_labels" value="reference"/>
		</properties>
		<system-out>F1_reference OK: direct publication and RMW relay
</system-out>
	</testcase>
	<testcase name="F2_relaxed_counter_reference" classname="F2_relaxed_counter_reference" time="0.169097" status="run">
		<properties>
			<property name="cmake_labels" value="reference"/>
		</properties>
		<system-out>F2_reference OK: total=8000, relaxed stale=0, RA stale=0
</system-out>
	</testcase>
	<testcase name="F3_seqcst_fence_reference" classname="F3_seqcst_fence_reference" time="0.307413" status="run">
		<properties>
			<property name="cmake_labels" value="reference"/>
		</properties>
		<system-out>F3_reference OK: both-zero relaxed=151, RA=166, SC=0, SC-fence=0; three fence bridges
</system-out>
	</testcase>
	<testcase name="F4_publish_pattern_reference" classname="F4_publish_pattern_reference" time="0.0142973" status="run">
		<properties>
			<property name="cmake_labels" value="reference"/>
		</properties>
		<system-out>F4_reference OK: 2000 exact SPSC handoffs and safe slot reuse
</system-out>
	</testcase>
	<testcase name="G1_treiber_stack_reference" classname="G1_treiber_stack_reference" time="0.00639722" status="run">
		<properties>
			<property name="cmake_labels" value="reference"/>
		</properties>
		<system-out>G1 OK; pointer atomics lock-free=1; complete operation uses allocating/locking HP domain
</system-out>
	</testcase>
	<testcase name="G2_aba_problem_reference" classname="G2_aba_problem_reference" time="0.00159834" status="run">
		<properties>
			<property name="cmake_labels" value="reference"/>
		</properties>
		<system-out>plain stale CAS=1 atomic&lt;uint64_t&gt;.is_lock_free=1
tagged stale CAS=0 atomic&lt;uint64_t&gt;.is_lock_free=1
G2 OK: safe ABA history, tagged rejection, finite-width counterexample
</system-out>
	</testcase>
	<testcase name="G3_spsc_ringbuffer_reference" classname="G3_spsc_ringbuffer_reference" time="0.0314429" status="run">
		<properties>
			<property name="cmake_labels" value="reference"/>
		</properties>
		<system-out>capacity=1 atomics lock-free=1,1
capacity=2 atomics lock-free=1,1
capacity=7 atomics lock-free=1,1
capacity=64 atomics lock-free=1,1
G3 OK: usable capacity, reuse, ordinary/cached FIFO
</system-out>
	</testcase>
	<testcase name="H1_latch_barrier_reference" classname="H1_latch_barrier_reference" time="0.00243966" status="run">
		<properties>
			<property name="cmake_labels" value="reference"/>
		</properties>
		<system-out>H1 OK: preparation, gate, phases, completion, split arrival, drop
</system-out>
	</testcase>
	<testcase name="H2_semaphore_reference" classname="H2_semaphore_reference" time="0.00460041" status="run">
		<properties>
			<property name="cmake_labels" value="reference"/>
		</properties>
		<system-out>H2 OK: upper bound, returned permits, timed failure, 100 handshakes
</system-out>
	</testcase>
	<testcase name="H3_atomic_wait_notify_reference" classname="H3_atomic_wait_notify_reference" time="0.00179118" status="run">
		<properties>
			<property name="cmake_labels" value="reference"/>
		</properties>
		<system-out>H3_reference OK: one-shot, controlled ABA history, 1000 generations
</system-out>
	</testcase>
	<testcase name="I1_atomic_shared_ptr_reference" classname="I1_atomic_shared_ptr_reference" time="0.00145574" status="run">
		<properties>
			<property name="cmake_labels" value="reference"/>
		</properties>
		<system-out>I1_reference OK: lifetime, replacement, 2000 cumulative updates; lock-free=0
</system-out>
	</testcase>
	<testcase name="I2_hazard_pointer_reference" classname="I2_hazard_pointer_reference" time="0.00189127" status="run">
		<properties>
			<property name="cmake_labels" value="reference"/>
		</properties>
		<system-out>HP: 4000 unique IDs, exact destruction, LIFO PASS
</system-out>
	</testcase>
	<testcase name="I3_rcu_reference" classname="I3_rcu_reference" time="0.00203276" status="run">
		<properties>
			<property name="cmake_labels" value="reference"/>
		</properties>
		<system-out>RCU: 8000/8000 consistent reads, 65 destructions PASS
</system-out>
	</testcase>
	<testcase name="J1_false_sharing_reference" classname="J1_false_sharing_reference" time="0.00341388" status="run">
		<properties>
			<property name="cmake_labels" value="reference"/>
		</properties>
		<system-out>J1 OK: private counts, true sharing, batched tail and publication count
</system-out>
	</testcase>
	<testcase name="J2_interference_size_reference" classname="J2_interference_size_reference" time="0.0011347" status="run">
		<properties>
			<property name="cmake_labels" value="reference"/>
		</properties>
		<system-out>J2 OK: hints=64/64 packed_offsets=0,8 padded_stride=64 same_hint_region=1 hot_record=16 lock_free=1
</system-out>
	</testcase>
	<testcase name="J3_numa_concept_reference" classname="J3_numa_concept_reference" time="0.00380148" status="run">
		<properties>
			<property name="cmake_labels" value="reference"/>
		</properties>
		<system-out>Linux: sched_getaffinity + sysfs socket/core/node + Mems_allowed_list
base_page_bytes=4096 allowed_memory_nodes=0 
group,cpu,socket,core,node (same group/socket/core rows are SMT siblings)
0,0,0,0,0
0,1,0,0,0
0,2,0,1,0
0,3,0,1,0
0,4,0,2,0
0,5,0,2,0
0,6,0,3,0
0,7,0,3,0
0,8,0,4,0
0,9,0,4,0
0,10,0,5,0
0,11,0,5,0
0,12,0,6,0
0,13,0,6,0
0,14,0,7,0
0,15,0,7,0
0,16,0,8,0
0,17,0,8,0
0,18,0,9,0
0,19,0,9,0
0,20,0,10,0
0,21,0,10,0
0,22,0,11,0
0,23,0,11,0
requested=0:0 actual-before=0:0 actual-after=0:0 node=0
requested=0:1 actual-before=0:1 actual-after=0:1 node=0
requested=0:2 actual-before=0:2 actual-after=0:2 node=0
requested=0:3 actual-before=0:3 actual-after=0:3 node=0
J3 topology/affinity OK; page placement is checked separately in N1
</system-out>
	</testcase>
	<testcase name="K1_simd_basics_reference" classname="K1_simd_basics_reference" time="0.00133233" status="run">
		<properties>
			<property name="cmake_labels" value="reference"/>
		</properties>
		<system-out>SKIP optional backend 2
SKIP optional backend 3
K1 Reference OK
</system-out>
	</testcase>
	<testcase name="K2_simd_dotproduct_reference" classname="K2_simd_dotproduct_reference" time="0.000992156" status="run">
		<properties>
			<property name="cmake_labels" value="reference"/>
		</properties>
		<system-out>K2 OK; SSE2=1; FMA differs by design
</system-out>
	</testcase>
	<testcase name="K3_simd_where_select_reference" classname="K3_simd_where_select_reference" time="0.000944631" status="run">
		<properties>
			<property name="cmake_labels" value="reference"/>
		</properties>
		<system-out>SKIP optional backend 2
SKIP optional backend 3
K3 Reference OK
</system-out>
	</testcase>
	<testcase name="L1_par_algorithms_reference" classname="L1_par_algorithms_reference" time="0.00104874" status="run">
		<properties>
			<property name="cmake_labels" value="reference"/>
		</properties>
		<system-out>L1 Reference OK
</system-out>
	</testcase>
	<testcase name="L2_parallel_reduce_scan_reference" classname="L2_parallel_reduce_scan_reference" time="0.00105024" status="run">
		<properties>
			<property name="cmake_labels" value="reference"/>
		</properties>
		<system-out>L2 Reference OK; policy capability=1
</system-out>
	</testcase>
	<testcase name="L3_par_vs_seq_bench_reference" classname="L3_par_vs_seq_bench_reference" time="0.00118911" status="run">
		<properties>
			<property name="cmake_labels" value="reference"/>
		</properties>
		<system-out>suite,variant,size,threads,milliseconds,completed,details
"policy_map_light","plain",17,1,0.00012,17,"map and contract validation included; allocation/init/oracle excluded; workload=light; threads=0: backend unmeasured; threads=1: caller; geometric_degree=96 for heavy"
"policy_map_light","seq",17,1,5e-05,17,"map and contract validation included; allocation/init/oracle excluded; workload=light; threads=0: backend unmeasured; threads=1: caller; geometric_degree=96 for heavy"
"policy_map_light","par",17,0,5e-05,17,"map and contract validation included; allocation/init/oracle excluded; workload=light; threads=0: backend unmeasured; threads=1: caller; geometric_degree=96 for heavy"
"policy_map_light","unseq",17,1,2e-05,17,"map and contract validation included; allocation/init/oracle excluded; workload=light; threads=0: backend unmeasured; threads=1: caller; geometric_degree=96 for heavy"
"policy_map_light","par_unseq",17,0,4e-05,17,"map and contract validation included; allocation/init/oracle excluded; workload=li...
[This part of the test output was removed since it exceeds the threshold of 1024 bytes.]
</system-out>
	</testcase>
	<testcase name="M1_work_stealing_pool_reference" classname="M1_work_stealing_pool_reference" time="0.00809934" status="run">
		<properties>
			<property name="cmake_labels" value="reference"/>
		</properties>
		<system-out>M1 reference OK: variants, recursion, errors, drain, stealing
</system-out>
	</testcase>
	<testcase name="M2_execution_bridge_reference" classname="M2_execution_bridge_reference" time="0.00103445" status="notrun">
		<skipped message="SKIP_RETURN_CODE=77"/>
		<properties>
			<property name="cmake_labels" value="reference"/>
		</properties>
		<system-out>SKIP: CS_HAS_STDEXEC=0; enable pinned nvhpc-26.05 dependency
</system-out>
	</testcase>
	<testcase name="N1_numa_placement_reference" classname="N1_numa_placement_reference" time="0.00412812" status="notrun">
		<skipped message="SKIP_RETURN_CODE=77"/>
		<properties>
			<property name="cmake_labels" value="reference"/>
		</properties>
		<system-out>pure models PASS: interleave phase/order; per-Part result merge (no simulated hardware measurements)
Linux: sched_getaffinity + sysfs socket/core/node + Mems_allowed_list
base_page_bytes=4096 allowed_memory_nodes=0 
group,cpu,socket,core,node (same group/socket/core rows are SMT siblings)
0,0,0,0,0
0,1,0,0,0
0,2,0,1,0
0,3,0,1,0
0,4,0,2,0
0,5,0,2,0
0,6,0,3,0
0,7,0,3,0
0,8,0,4,0
0,9,0,4,0
0,10,0,5,0
0,11,0,5,0
0,12,0,6,0
0,13,0,6,0
0,14,0,7,0
0,15,0,7,0
0,16,0,8,0
0,17,0,8,0
0,18,0,9,0
0,19,0,9,0
0,20,0,10,0
0,21,0,10,0
0,22,0,11,0
0,23,0,11,0
layout=contiguous-anonymous-VMA; MADV_NOHUGEPAGE; page_bytes=4096
shared-before-touch: node=-1 pages=32 (-1=not resident/unverifiable)
shared-before-read: node=0 pages=32 (-1=not resident/unverifiable)
shared-after-read: node=0 pages=32 (-1=not resident/unverifiable)
shared-reader=0 actual-before=0:0 node=0 actual-after=0:0 node=0
shared read local check passed; cross-node readers unavailable
Part shared-read: SKIP
layout=contiguous-anonymous-VMA; MADV_NOHUGEPAGE; page_bytes=4096
before-touch: node=-1 pages=128 (-1=not resident/unverifiable)
after-touch: node=0 pages=128 (-1=not resident/unverifiable)
before-timing: node=0 pages=128 (-1=not resident/unverifiable)
reader=0 requested=0:0 actual-before=0:0 node=0 actual-after=0:0 node=0
initializer=0 actual-before=0:0 node=0 actual-after=0:0 node=0
after-timing: node=0 pages=128 (-1=not resident/unverifiable)
reader=0 requested=0:0 actual-before=0:0 node=0 actual-after=0:0 node=0
initializer=0 actual-before=0:0 node=0 actual-after=0:0 node=0
Part local: PASS
layout=contiguous-anonymous-VMA; MADV_NOHUGEPAGE; page_bytes=4096
before-touch: node=-1 pages=128 (-1=not resident/unverifiable)
after-touch: node=0 pages=128 (-1=not resident/unverifiable)
before-timing: node=0 pages=128 (-1=not resident/unverifiable)
reader=0 requested=0:0 actual-before=0:0 node=0 actual-after=0:0 node=0
reader=1 requested=0:2 actual-before=0:2 node=0 actual-after=0:2 node=0
initializer=0 actual-before=0:0 node=0 actual-after=0:0 node=0
after-timing: node=0 pages=128 (-1=not resident/unverifiable)
reader=0 requested=0:0 actual-before=0:0 node=0 actual-after=0:0 node=0
reader=1 requested=0:2 actual-before=0:2 node=0 actual-after=0:2 node=0
initializer=0 actual-before=0:0 node=0 actual-after=0:0 node=0
Part firsttouch: PASS
layout=contiguous-anonymous-VMA; MADV_NOHUGEPAGE; page_bytes=4096
before-touch: node=-1 pages=128 (-1=not resident/unverifiable)
after-touch: node=0 pages=128 (-1=not resident/unverifiable)
before-timing: node=0 pages=128 (-1=not resident/unverifiable)
reader=0 requested=0:0 actual-before=0:0 node=0 actual-after=0:0 node=0
reader=1 requested=0:2 actual-before=0:2 node=0 actual-after=0:2 node=0
initializer=0 actual-before=0:0 node=0 actual-after=0:0 node=0
initializer=1 actual-before=0:2 node=0 actual-after=0:2 node=0
after-timing: node=0 pages=128 (-1=not resident/unverifiable)
reader=0 requested=0:0 actual-before=0:0 node=0 actual-after=0:0 node=0
reader=1 requested=0:2 actual-before=0:2 node=0 actual-after=0:2 node=0
initializer=0 actual-before=0:0 node=0 actual-after=0:0 node=0
initializer=1 actual-before=0:2 node=0 actual-after=0:2 node=0
Part parallel-init: PASS
remote SKIP: only one eligible memory node; remote/interleave comparison unavailable
Part remote: SKIP
interleaved SKIP: only one eligible memory node; remote/interleave comparison unavailable
Part interleaved: SKIP
N1 summary: passed=3 skipped=3 failed=0 exit=77
</system-out>
	</testcase>
	<testcase name="P1_object_lifetime_reference" classname="P1_object_lifetime_reference" time="0.00110839" status="run">
		<properties>
			<property name="cmake_labels" value="reference"/>
		</properties>
		<system-out>Part 1: construct 1, construct 2, destroy 2, destroy 1
Part 2: copy=11, original=21, moved owner=42
Part 3: copy=3, referenced original=7, invoke lambda=42
Part 4: destroy 2, destroy 1, then handler
Part 5: owned=(10,saved); borrowed follows (20,later), wrapper writes 22, tie assigns 30
Part 6: calls before invocation=0; owned=13, borrowed=24; moved argument result=42
P1_reference OK
</system-out>
	</testcase>
	<testcase name="P2_result_states_reference" classname="P2_result_states_reference" time="0.00115133" status="run">
		<properties>
			<property name="cmake_labels" value="reference"/>
		</properties>
		<system-out>Part 1: empty -&gt; valid/pending -&gt; moved -&gt; ready -&gt; get 42 -&gt; invalid
Part 2: ready(exception), wait returns, get rethrows, invalid
Part 3: duplicate future/value rejected; abandonment -&gt; broken_promise
Part 4: two handles, one immutable result; void completion consumed
P2_reference OK
</system-out>
	</testcase>
	<testcase name="Q0_queue_baseline_reference" classname="Q0_queue_baseline_reference" time="0.00429529" status="run">
		<properties>
			<property name="cmake_labels" value="reference"/>
		</properties>
		<system-out>Q0_reference OK: FIFO, capacity, per-producer order, 3000 unique IDs
</system-out>
	</testcase>
	<testcase name="Q1_mpsc_queue_reference" classname="Q1_mpsc_queue_reference" time="0.00416126" status="run">
		<properties>
			<property name="cmake_labels" value="reference"/>
		</properties>
		<system-out>Q1 OK: producer order, exact IDs, deterministic publication gap; atomics lock-free=1
</system-out>
	</testcase>
	<testcase name="Q2_ms_queue_reference" classname="Q2_ms_queue_reference" time="0.0297649" status="run">
		<properties>
			<property name="cmake_labels" value="reference"/>
		</properties>
		<system-out>MS pointer atomics lock-free=1; whole operation may allocate and acquire HP locks
Q2 OK: FIFO, MPSC/SPMC/MPMC IDs, in-run reclamation and final drain
</system-out>
	</testcase>
	<testcase name="R1_epoch_reclamation_reference" classname="R1_epoch_reclamation_reference" time="0.00218564" status="run">
		<properties>
			<property name="cmake_labels" value="reference"/>
		</properties>
		<system-out>EBR: long reader retained 64 objects (256 payload bytes); exit reclaimed 64; final total 65 PASS
</system-out>
	</testcase>
	<testcase name="R2_qsbr_reference" classname="R2_qsbr_reference" time="0.00181697" status="run">
		<properties>
			<property name="cmake_labels" value="reference"/>
		</properties>
		<system-out>QSBR: no report retains 64; quiescent releases 64 while online; total 65 PASS
</system-out>
	</testcase>
	<testcase name="U01_async_logging_reference" classname="U01_async_logging_reference" time="0.104083" status="run">
		<properties>
			<property name="cmake_labels" value="reference"/>
		</properties>
		<system-out>U01_async_logging_reference OK
</system-out>
	</testcase>
	<testcase name="U01_async_logging_good" classname="U01_async_logging_good" time="0.103961" status="run">
		<properties>
			<property name="cmake_labels" value="validation"/>
		</properties>
		<system-out>U01_async_logging_check OK
</system-out>
	</testcase>
	<testcase name="U01_async_logging_bad_overflow_rejected" classname="U01_async_logging_bad_overflow_rejected" time="0.108766" status="run">
		<properties>
			<property name="cmake_labels" value="negative"/>
		</properties>
		<system-out>-- Rejected the intended bad implementation: overrun counter
</system-out>
	</testcase>
	<testcase name="U01_async_logging_bad_flush_rejected" classname="U01_async_logging_bad_flush_rejected" time="0.109678" status="run">
		<properties>
			<property name="cmake_labels" value="negative"/>
		</properties>
		<system-out>-- Rejected the intended bad implementation: queued flush runs during drain
</system-out>
	</testcase>
	<testcase name="F03_std_senders_reference" classname="F03_std_senders_reference" time="0.00138821" status="notrun">
		<skipped message="SKIP_RETURN_CODE=77"/>
		<properties>
			<property name="cmake_labels" value="native;reference"/>
		</properties>
		<system-out>SKIP: CS_HAS_STD_SENDERS=0; native standard sender unavailable
</system-out>
	</testcase>
	<testcase name="F03_std_hazard_pointer_reference" classname="F03_std_hazard_pointer_reference" time="0.00145991" status="notrun">
		<skipped message="SKIP_RETURN_CODE=77"/>
		<properties>
			<property name="cmake_labels" value="native;reference"/>
		</properties>
		<system-out>SKIP: CS_HAS_STD_HAZARD_POINTER=0; native standard hazard_pointer unavailable
</system-out>
	</testcase>
	<testcase name="F03_std_rcu_reference" classname="F03_std_rcu_reference" time="0.00115961" status="notrun">
		<skipped message="SKIP_RETURN_CODE=77"/>
		<properties>
			<property name="cmake_labels" value="native;reference"/>
		</properties>
		<system-out>SKIP: CS_HAS_STD_RCU=0; native standard rcu unavailable
</system-out>
	</testcase>
	<testcase name="runtime_atomic_protocol_test" classname="runtime_atomic_protocol_test" time="0.00112138" status="run">
		<properties>
			<property name="cmake_labels" value="runtime"/>
		</properties>
		<system-out>atomic_protocol_test OK: six schedules and CAS return contracts
</system-out>
	</testcase>
	<testcase name="runtime_common_tools_test" classname="runtime_common_tools_test" time="0.00155321" status="run">
		<properties>
			<property name="cmake_labels" value="runtime"/>
		</properties>
		<system-out></system-out>
	</testcase>
	<testcase name="runtime_numeric_test" classname="runtime_numeric_test" time="0.00409081" status="run">
		<properties>
			<property name="cmake_labels" value="runtime"/>
		</properties>
		<system-out>SKIP backend 2
SKIP backend 3
numeric_test OK: lengths, tails, alignment, permutations, precision, IEEE policy, GEMM, workers
</system-out>
	</testcase>
	<testcase name="runtime_queue_history_test" classname="runtime_queue_history_test" time="0.03541" status="run">
		<properties>
			<property name="cmake_labels" value="runtime"/>
		</properties>
		<system-out>queue_history OK: actual small histories, oracle counterexamples, gap/wrap models
</system-out>
	</testcase>
	<testcase name="runtime_reclamation_test" classname="runtime_reclamation_test" time="0.0932678" status="run">
		<properties>
			<property name="cmake_labels" value="runtime"/>
		</properties>
		<system-out>HP: 4000 unique IDs, exact destruction, LIFO PASS
RCU: 8000/8000 consistent reads, 65 destructions PASS
EBR: long reader retained 64 objects (256 payload bytes); exit reclaimed 64; final total 65 PASS
QSBR: no report retains 64; quiescent releases 64 while online; total 65 PASS
inject: R1 registration
  caught original: reclamation injected bad_alloc
inject: R1 allocation after 8 retires
  caught original: reclamation injected bad_alloc
inject: R1 unpublished value
  caught original: reclamation injected bad_alloc
inject: R2 registration
  caught original: reclamation injected bad_alloc
inject: R2 allocation after 8 retires
  caught original: reclamation injected bad_alloc
inject: R2 unpublished value
  caught original: reclamation injected bad_alloc
inject: R2 report
  caught original: reclamation injected bad_alloc
inject: I3 registration
  caught original: reclamation injected bad_alloc
inject: I3 allocation after 8 retires
  caught original: reclamation injected bad_alloc
inject: I3 unpublished value
  ca...
[This part of the test output was removed since it exceeds the threshold of 1024 bytes.]
</system-out>
	</testcase>
	<testcase name="runtime_scheduling_allocation_test" classname="runtime_scheduling_allocation_test" time="0.00181052" status="run">
		<properties>
			<property name="cmake_labels" value="runtime"/>
		</properties>
		<system-out>scheduling allocation injection checks OK
</system-out>
	</testcase>
	<testcase name="runtime_scheduling_test" classname="runtime_scheduling_test" time="0.0270025" status="run">
		<properties>
			<property name="cmake_labels" value="runtime"/>
		</properties>
		<system-out>scheduling runtime checks OK
</system-out>
	</testcase>
	<testcase name="runtime_thread_pool_test" classname="runtime_thread_pool_test" time="0.0145598" status="run">
		<properties>
			<property name="cmake_labels" value="runtime"/>
		</properties>
		<system-out>thread_pool OK: asynchronous, futures, capacity=1, drain, shutdown, ownership
</system-out>
	</testcase>
	<testcase name="runtime_lifetime_reference" classname="runtime_lifetime_reference" time="0.00142265" status="run">
		<properties>
			<property name="cmake_labels" value="runtime"/>
		</properties>
		<system-out>atomic&lt;shared_ptr&gt;.is_lock_free=0
delay model, strong ownership, ABA/tag model PASS
</system-out>
	</testcase>
	<testcase name="runtime_benchmark_tools" classname="runtime_benchmark_tools" time="0.198456" status="run">
		<properties>
			<property name="cmake_labels" value="tools"/>
		</properties>
		<system-out>.........s
----------------------------------------------------------------------
Ran 10 tests in 0.135s

OK (skipped=1)
</system-out>
	</testcase>
	<testcase name="runtime_materials" classname="runtime_materials" time="0.0816434" status="run">
		<properties>
			<property name="cmake_labels" value="tools"/>
		</properties>
		<system-out>documents=179 exercises=53 local_errors=0
This checks navigation and registration, not teaching quality, standard correctness, or test adequacy.
</system-out>
	</testcase>
</testsuite>
