<?xml version="1.0" encoding="UTF-8"?>
<testsuite name="Win32-MSBuild"
	tests="71"
	failures="18"
	disabled="0"
	skipped="0"
	hostname="lizhidan-p02"
	time="165"
	timestamp="2026-09-10T14:10:05"
	>
	<testcase name="C04_diagnostic_message_controls" classname="C04_diagnostic_message_controls" time="0.0914621" status="run">
		<properties>
			<property name="cmake_labels" value="validation"/>
		</properties>
		<system-out>diagnostic message controls passed
</system-out>
	</testcase>
	<testcase name="L01_templates_student" classname="L01_templates_student" time="0.430154" status="fail">
		<failure message="Failed"/>
		<properties>
			<property name="cmake_labels" value="student"/>
		</properties>
		<system-out>check failed: quantity_value_t reads dependent value_type
</system-out>
	</testcase>
	<testcase name="L01_templates_instantiation" classname="L01_templates_instantiation" time="0.444593" status="run">
		<properties>
			<property name="cmake_labels" value="observation"/>
		</properties>
		<system-out>L01_templates instantiation observation OK
</system-out>
	</testcase>
	<testcase name="L01_templates_extern_template" classname="L01_templates_extern_template" time="0.434063" status="run">
		<properties>
			<property name="cmake_labels" value="observation"/>
		</properties>
		<system-out>L01_templates extern template observation OK
</system-out>
	</testcase>
	<testcase name="L01_templates_missing_extern_provider" classname="L01_templates_missing_extern_provider" time="4.7837" status="run">
		<properties>
			<property name="cmake_labels" value="diagnostic"/>
		</properties>
		<system-out>PASS: missing explicit-instantiation provider must fail at link; F:\CPPTrain\LearnCPP\build\c04-revision-student\L01_templates\diag\missing\evidence-1.json
</system-out>
	</testcase>
	<testcase name="L02_deduction_student" classname="L02_deduction_student" time="0.66741" status="fail">
		<failure message="Failed"/>
		<properties>
			<property name="cmake_labels" value="student"/>
		</properties>
		<system-out>check failed: by-value keeps plain int
</system-out>
	</testcase>
	<testcase name="L02_deduction_decltype" classname="L02_deduction_decltype" time="0.418424" status="run">
		<properties>
			<property name="cmake_labels" value="observation"/>
		</properties>
		<system-out>L02_deduction decltype observation OK
</system-out>
	</testcase>
	<testcase name="L03_forwarding_student" classname="L03_forwarding_student" time="0.468445" status="fail">
		<failure message="Failed"/>
		<properties>
			<property name="cmake_labels" value="student"/>
		</properties>
		<system-out>check failed: invoke_preserving must keep lvalue argument category
</system-out>
	</testcase>
	<testcase name="L03_forwarding_counterexamples" classname="L03_forwarding_counterexamples" time="0.43095" status="run">
		<properties>
			<property name="cmake_labels" value="observation"/>
		</properties>
		<system-out>L03_forwarding counterexamples observation OK
</system-out>
	</testcase>
	<testcase name="L04_lookup_student" classname="L04_lookup_student" time="0.419874" status="fail">
		<failure message="Failed"/>
		<properties>
			<property name="cmake_labels" value="student"/>
		</properties>
		<system-out>check failed: no-route object must not satisfy c04_inspectable
</system-out>
	</testcase>
	<testcase name="L04_lookup_observation" classname="L04_lookup_observation" time="0.01976" status="run">
		<properties>
			<property name="cmake_labels" value="observation"/>
		</properties>
		<system-out>L04_lookup observation OK
</system-out>
	</testcase>
	<testcase name="L04_lookup_missing_typename" classname="L04_lookup_missing_typename" time="5.15838" status="run">
		<properties>
			<property name="cmake_labels" value="diagnostic"/>
		</properties>
		<system-out>PASS: expected semantic diagnostic with a normal nonzero compiler exit; F:\CPPTrain\LearnCPP\C04_Generic_CompileTime_Reflection\exercises\cmake\..\build\_diag\f3f85c4add7e\Release\evidence-1.json
</system-out>
	</testcase>
	<testcase name="L05_overload_student" classname="L05_overload_student" time="0.0199481" status="fail">
		<failure message="Failed"/>
		<properties>
			<property name="cmake_labels" value="student"/>
		</properties>
		<system-out>check failed: member describe returns member_result
</system-out>
	</testcase>
	<testcase name="L05_overload_observation" classname="L05_overload_observation" time="0.0447808" status="run">
		<properties>
			<property name="cmake_labels" value="observation"/>
		</properties>
		<system-out>L05_overload observation OK
</system-out>
	</testcase>
	<testcase name="L05_func_partial" classname="L05_func_partial" time="5.07771" status="run">
		<properties>
			<property name="cmake_labels" value="diagnostic"/>
		</properties>
		<system-out>PASS: expected semantic diagnostic with a normal nonzero compiler exit; F:\CPPTrain\LearnCPP\C04_Generic_CompileTime_Reflection\exercises\cmake\..\build\_diag\bd815dc0a322\Release\evidence-1.json
</system-out>
	</testcase>
	<testcase name="L05_body_error" classname="L05_body_error" time="4.82431" status="run">
		<properties>
			<property name="cmake_labels" value="diagnostic"/>
		</properties>
		<system-out>PASS: expected semantic diagnostic with a normal nonzero compiler exit; F:\CPPTrain\LearnCPP\C04_Generic_CompileTime_Reflection\exercises\cmake\..\build\_diag\8fe1067a11cd\Release\evidence-1.json
</system-out>
	</testcase>
	<testcase name="L06_constraints_student" classname="L06_constraints_student" time="0.0255708" status="fail">
		<failure message="Failed"/>
		<properties>
			<property name="cmake_labels" value="student"/>
		</properties>
		<system-out>check failed: missing name is not field_like
</system-out>
	</testcase>
	<testcase name="L06_constraints_observation" classname="L06_constraints_observation" time="0.021561" status="run">
		<properties>
			<property name="cmake_labels" value="observation"/>
		</properties>
		<system-out>L06_constraints observation OK
</system-out>
	</testcase>
	<testcase name="L06_non_dep" classname="L06_non_dep" time="4.63149" status="run">
		<properties>
			<property name="cmake_labels" value="diagnostic"/>
		</properties>
		<system-out>PASS: expected semantic diagnostic with a normal nonzero compiler exit; F:\CPPTrain\LearnCPP\C04_Generic_CompileTime_Reflection\exercises\cmake\..\build\_diag\6157154f7779\Release\evidence-1.json
</system-out>
	</testcase>
	<testcase name="L07_packs_student" classname="L07_packs_student" time="0.0169829" status="fail">
		<failure message="Failed"/>
		<properties>
			<property name="cmake_labels" value="student"/>
		</properties>
		<system-out>check failed: empty all fold identity must be true
</system-out>
	</testcase>
	<testcase name="L07_packs_observation" classname="L07_packs_observation" time="0.0154656" status="run">
		<properties>
			<property name="cmake_labels" value="observation"/>
		</properties>
		<system-out>L07 pack observation OK
</system-out>
	</testcase>
	<testcase name="L08_type_lists_student" classname="L08_type_lists_student" time="0.0164467" status="fail">
		<failure message="Failed"/>
		<properties>
			<property name="cmake_labels" value="student"/>
		</properties>
		<system-out>check failed: map_t applies a unary template to each element
</system-out>
	</testcase>
	<testcase name="L08_type_lists_observation" classname="L08_type_lists_observation" time="0.0158164" status="run">
		<properties>
			<property name="cmake_labels" value="observation"/>
		</properties>
		<system-out>L08 type-list observation OK
</system-out>
	</testcase>
	<testcase name="L08_lazy_type_eager_bad" classname="L08_lazy_type_eager_bad" time="4.48812" status="run">
		<properties>
			<property name="cmake_labels" value="diagnostic"/>
		</properties>
		<system-out>PASS: expected semantic diagnostic with a normal nonzero compiler exit; F:\CPPTrain\LearnCPP\C04_Generic_CompileTime_Reflection\exercises\cmake\..\build\_diag\ce9639747a90\Release\evidence-1.json
</system-out>
	</testcase>
	<testcase name="L09_tuple_student" classname="L09_tuple_student" time="0.017169" status="fail">
		<failure message="Failed"/>
		<properties>
			<property name="cmake_labels" value="student"/>
		</properties>
		<system-out>check failed: tuple traversal must preserve left-to-right order
</system-out>
	</testcase>
	<testcase name="L09_tuple_observation" classname="L09_tuple_observation" time="0.0151838" status="run">
		<properties>
			<property name="cmake_labels" value="observation"/>
		</properties>
		<system-out>L09 tuple observation OK
</system-out>
	</testcase>
	<testcase name="L10_constexpr_student" classname="L10_constexpr_student" time="0.0154857" status="fail">
		<failure message="Failed"/>
		<properties>
			<property name="cmake_labels" value="student"/>
		</properties>
		<system-out>check failed: decimal_value parses digits at compile time
</system-out>
	</testcase>
	<testcase name="L10_constexpr_observation" classname="L10_constexpr_observation" time="0.0203267" status="run">
		<properties>
			<property name="cmake_labels" value="observation"/>
		</properties>
		<system-out>L10 constexpr observation OK
</system-out>
	</testcase>
	<testcase name="L10_invalid_digit_diagnostic" classname="L10_invalid_digit_diagnostic" time="4.78565" status="run">
		<properties>
			<property name="cmake_labels" value="diagnostic"/>
		</properties>
		<system-out>PASS: expected semantic diagnostic with a normal nonzero compiler exit; F:\CPPTrain\LearnCPP\C04_Generic_CompileTime_Reflection\exercises\cmake\..\build\_diag\c530672be5da\Release\evidence-1.json
</system-out>
	</testcase>
	<testcase name="L10_empty_decimal_diagnostic" classname="L10_empty_decimal_diagnostic" time="4.74124" status="run">
		<properties>
			<property name="cmake_labels" value="diagnostic"/>
		</properties>
		<system-out>PASS: expected semantic diagnostic with a normal nonzero compiler exit; F:\CPPTrain\LearnCPP\C04_Generic_CompileTime_Reflection\exercises\cmake\..\build\_diag\c63a669a8bba\Release\evidence-1.json
</system-out>
	</testcase>
	<testcase name="L10_embedded_nul_diagnostic" classname="L10_embedded_nul_diagnostic" time="4.72055" status="run">
		<properties>
			<property name="cmake_labels" value="diagnostic"/>
		</properties>
		<system-out>PASS: expected semantic diagnostic with a normal nonzero compiler exit; F:\CPPTrain\LearnCPP\C04_Generic_CompileTime_Reflection\exercises\cmake\..\build\_diag\487a2235b8ad\Release\evidence-1.json
</system-out>
	</testcase>
	<testcase name="L10_signed_decimal_diagnostic" classname="L10_signed_decimal_diagnostic" time="4.85967" status="run">
		<properties>
			<property name="cmake_labels" value="diagnostic"/>
		</properties>
		<system-out>PASS: expected semantic diagnostic with a normal nonzero compiler exit; F:\CPPTrain\LearnCPP\C04_Generic_CompileTime_Reflection\exercises\cmake\..\build\_diag\ad1efd21ca8f\Release\evidence-1.json
</system-out>
	</testcase>
	<testcase name="L10_spaced_decimal_diagnostic" classname="L10_spaced_decimal_diagnostic" time="4.55428" status="run">
		<properties>
			<property name="cmake_labels" value="diagnostic"/>
		</properties>
		<system-out>PASS: expected semantic diagnostic with a normal nonzero compiler exit; F:\CPPTrain\LearnCPP\C04_Generic_CompileTime_Reflection\exercises\cmake\..\build\_diag\aa368cfc904f\Release\evidence-1.json
</system-out>
	</testcase>
	<testcase name="L10_decimal_overflow_diagnostic" classname="L10_decimal_overflow_diagnostic" time="4.51934" status="run">
		<properties>
			<property name="cmake_labels" value="diagnostic"/>
		</properties>
		<system-out>PASS: expected semantic diagnostic with a normal nonzero compiler exit; F:\CPPTrain\LearnCPP\C04_Generic_CompileTime_Reflection\exercises\cmake\..\build\_diag\7d10b23b570f\Release\evidence-1.json
</system-out>
	</testcase>
	<testcase name="L10_parameter_constant_diagnostic" classname="L10_parameter_constant_diagnostic" time="4.24129" status="run">
		<properties>
			<property name="cmake_labels" value="diagnostic"/>
		</properties>
		<system-out>PASS: expected semantic diagnostic with a normal nonzero compiler exit; F:\CPPTrain\LearnCPP\C04_Generic_CompileTime_Reflection\exercises\cmake\..\build\_diag\2af6f255b922\Release\evidence-1.json
</system-out>
	</testcase>
	<testcase name="L11_customization_student" classname="L11_customization_student" time="0.0161142" status="fail">
		<failure message="Failed"/>
		<properties>
			<property name="cmake_labels" value="student"/>
		</properties>
		<system-out>check failed: no-path object must not satisfy c04_readable
</system-out>
	</testcase>
	<testcase name="L11_customization_baseline" classname="L11_customization_baseline" time="0.02814" status="run">
		<properties>
			<property name="cmake_labels" value="observation"/>
		</properties>
		<system-out>L11_customization baseline observation OK
</system-out>
	</testcase>
	<testcase name="L11_customization_counterexamples" classname="L11_customization_counterexamples" time="0.0164025" status="run">
		<properties>
			<property name="cmake_labels" value="observation"/>
		</properties>
		<system-out>L11_customization counterexamples observation OK
</system-out>
	</testcase>
	<testcase name="B01_compile_cost_contracts" classname="B01_compile_cost_contracts" time="0.0159442" status="run">
		<properties>
			<property name="cmake_labels" value="observation"/>
		</properties>
		<system-out></system-out>
	</testcase>
	<testcase name="P1_static_record_student" classname="P1_static_record_student" time="0.0175765" status="fail">
		<failure message="Failed"/>
		<properties>
			<property name="cmake_labels" value="student"/>
		</properties>
		<system-out>check failed: encoded fields cover the complete schema in declaration order
</system-out>
	</testcase>
	<testcase name="P1_static_record_known_baseline" classname="P1_static_record_known_baseline" time="0.0191546" status="run">
		<properties>
			<property name="cmake_labels" value="observation"/>
		</properties>
		<system-out>P1 known-type encoding baseline passed
</system-out>
	</testcase>
	<testcase name="A01_compiletime_values_student" classname="A01_compiletime_values_student" time="0.0201236" status="fail">
		<failure message="Failed"/>
		<properties>
			<property name="cmake_labels" value="student"/>
		</properties>
		<system-out>check failed: sort orders literal keys
</system-out>
	</testcase>
	<testcase name="A01_diag_escape_pointer" classname="A01_diag_escape_pointer" time="4.46567" status="run">
		<properties>
			<property name="cmake_labels" value="diagnostic"/>
		</properties>
		<system-out>PASS: expected semantic diagnostic with a normal nonzero compiler exit; F:\CPPTrain\LearnCPP\C04_Generic_CompileTime_Reflection\exercises\cmake\..\build\_diag\6b30cb931463\Release\evidence-1.json
</system-out>
	</testcase>
	<testcase name="A01_diag_key_too_long" classname="A01_diag_key_too_long" time="4.46886" status="run">
		<properties>
			<property name="cmake_labels" value="diagnostic"/>
		</properties>
		<system-out>PASS: expected semantic diagnostic with a normal nonzero compiler exit; F:\CPPTrain\LearnCPP\C04_Generic_CompileTime_Reflection\exercises\cmake\..\build\_diag\be8bac1bc33c\Release\evidence-1.json
</system-out>
	</testcase>
	<testcase name="A01_diag_key_non_ascii" classname="A01_diag_key_non_ascii" time="4.56012" status="run">
		<properties>
			<property name="cmake_labels" value="diagnostic"/>
		</properties>
		<system-out>PASS: expected semantic diagnostic with a normal nonzero compiler exit; F:\CPPTrain\LearnCPP\C04_Generic_CompileTime_Reflection\exercises\cmake\..\build\_diag\7c38afa07d25\Release\evidence-1.json
</system-out>
	</testcase>
	<testcase name="A01_diag_key_embedded_nul" classname="A01_diag_key_embedded_nul" time="4.55039" status="run">
		<properties>
			<property name="cmake_labels" value="diagnostic"/>
		</properties>
		<system-out>PASS: expected semantic diagnostic with a normal nonzero compiler exit; F:\CPPTrain\LearnCPP\C04_Generic_CompileTime_Reflection\exercises\cmake\..\build\_diag\7c8c4be6e9c5\Release\evidence-1.json
</system-out>
	</testcase>
	<testcase name="A02_field_projection_student" classname="A02_field_projection_student" time="0.0182221" status="fail">
		<failure message="Failed"/>
		<properties>
			<property name="cmake_labels" value="student"/>
		</properties>
		<system-out>check failed: project returns writable references in requested order
</system-out>
	</testcase>
	<testcase name="A02_known_projection_baseline" classname="A02_known_projection_baseline" time="0.0165987" status="run">
		<properties>
			<property name="cmake_labels" value="observation"/>
		</properties>
		<system-out>known projection baseline OK
</system-out>
	</testcase>
	<testcase name="A02_projection_counterexamples" classname="A02_projection_counterexamples" time="0.0148463" status="run">
		<properties>
			<property name="cmake_labels" value="observation"/>
		</properties>
		<system-out>projection counterexamples observed
</system-out>
	</testcase>
	<testcase name="A02_diag_unknown" classname="A02_diag_unknown" time="5.68322" status="run">
		<properties>
			<property name="cmake_labels" value="diagnostic"/>
		</properties>
		<system-out>PASS: expected semantic diagnostic with a normal nonzero compiler exit; F:\CPPTrain\LearnCPP\C04_Generic_CompileTime_Reflection\exercises\cmake\..\build\_diag\17101f8d7a53\Release\evidence-1.json
</system-out>
	</testcase>
	<testcase name="A02_diag_dup" classname="A02_diag_dup" time="5.65387" status="run">
		<properties>
			<property name="cmake_labels" value="diagnostic"/>
		</properties>
		<system-out>PASS: expected semantic diagnostic with a normal nonzero compiler exit; F:\CPPTrain\LearnCPP\C04_Generic_CompileTime_Reflection\exercises\cmake\..\build\_diag\3729db075b3f\Release\evidence-1.json
</system-out>
	</testcase>
	<testcase name="A02_diag_empty" classname="A02_diag_empty" time="11.0958" status="run">
		<properties>
			<property name="cmake_labels" value="diagnostic"/>
		</properties>
		<system-out>PASS: expected semantic diagnostic with a normal nonzero compiler exit; F:\CPPTrain\LearnCPP\C04_Generic_CompileTime_Reflection\exercises\cmake\..\build\_diag\a858e5f39ccf\Release\evidence-1.json
</system-out>
	</testcase>
	<testcase name="A02_diag_bad_id" classname="A02_diag_bad_id" time="5.82119" status="run">
		<properties>
			<property name="cmake_labels" value="diagnostic"/>
		</properties>
		<system-out>PASS: expected semantic diagnostic with a normal nonzero compiler exit; F:\CPPTrain\LearnCPP\C04_Generic_CompileTime_Reflection\exercises\cmake\..\build\_diag\b96d47080814\Release\evidence-1.json
</system-out>
	</testcase>
	<testcase name="A02_diag_rvalue" classname="A02_diag_rvalue" time="5.50191" status="run">
		<properties>
			<property name="cmake_labels" value="diagnostic"/>
		</properties>
		<system-out>PASS: expected semantic diagnostic with a normal nonzero compiler exit; F:\CPPTrain\LearnCPP\C04_Generic_CompileTime_Reflection\exercises\cmake\..\build\_diag\547ca2d2bec4\Release\evidence-1.json
</system-out>
	</testcase>
	<testcase name="A02_diag_trail" classname="A02_diag_trail" time="5.76332" status="run">
		<properties>
			<property name="cmake_labels" value="diagnostic"/>
		</properties>
		<system-out>PASS: expected semantic diagnostic with a normal nonzero compiler exit; F:\CPPTrain\LearnCPP\C04_Generic_CompileTime_Reflection\exercises\cmake\..\build\_diag\2021fea9af64\Release\evidence-1.json
</system-out>
	</testcase>
	<testcase name="A02_diag_nul" classname="A02_diag_nul" time="6.06932" status="run">
		<properties>
			<property name="cmake_labels" value="diagnostic"/>
		</properties>
		<system-out>PASS: expected semantic diagnostic with a normal nonzero compiler exit; F:\CPPTrain\LearnCPP\C04_Generic_CompileTime_Reflection\exercises\cmake\..\build\_diag\d8e8875667ec\Release\evidence-1.json
</system-out>
	</testcase>
	<testcase name="A03_explicit_object_student" classname="A03_explicit_object_student" time="0.0565954" status="fail">
		<failure message="Failed"/>
		<properties>
			<property name="cmake_labels" value="student"/>
		</properties>
		<system-out>check failed: value preserves object identity and cvref category
</system-out>
	</testcase>
	<testcase name="A03_diag_const_take" classname="A03_diag_const_take" time="5.71983" status="run">
		<properties>
			<property name="cmake_labels" value="diagnostic"/>
		</properties>
		<system-out>PASS: expected semantic diagnostic with a normal nonzero compiler exit; F:\CPPTrain\LearnCPP\C04_Generic_CompileTime_Reflection\exercises\cmake\..\build\_diag\1d4e0caf4269\Release\evidence-1.json
</system-out>
	</testcase>
	<testcase name="A04_type_pipelines_student" classname="A04_type_pipelines_student" time="0.051339" status="fail">
		<failure message="Failed"/>
		<properties>
			<property name="cmake_labels" value="student"/>
		</properties>
		<system-out>check failed: flatten recursively expands nested type_list elements
</system-out>
	</testcase>
	<testcase name="A04_eager_counterexample" classname="A04_eager_counterexample" time="0.0292908" status="run">
		<properties>
			<property name="cmake_labels" value="observation"/>
		</properties>
		<system-out>A04 eager counterexample baseline OK
</system-out>
	</testcase>
	<testcase name="A04_diag_zip" classname="A04_diag_zip" time="4.98243" status="run">
		<properties>
			<property name="cmake_labels" value="diagnostic"/>
		</properties>
		<system-out>PASS: expected semantic diagnostic with a normal nonzero compiler exit; F:\CPPTrain\LearnCPP\C04_Generic_CompileTime_Reflection\exercises\cmake\..\build\_diag\657bbef69992\Release\evidence-1.json
</system-out>
	</testcase>
	<testcase name="A04_diag_flatten" classname="A04_diag_flatten" time="5.16817" status="run">
		<properties>
			<property name="cmake_labels" value="diagnostic"/>
		</properties>
		<system-out>PASS: expected semantic diagnostic with a normal nonzero compiler exit; F:\CPPTrain\LearnCPP\C04_Generic_CompileTime_Reflection\exercises\cmake\..\build\_diag\d98699ab9d25\Release\evidence-1.json
</system-out>
	</testcase>
	<testcase name="A04_diag_eager" classname="A04_diag_eager" time="9.72577" status="run">
		<properties>
			<property name="cmake_labels" value="diagnostic"/>
		</properties>
		<system-out>PASS: expected semantic diagnostic with a normal nonzero compiler exit; F:\CPPTrain\LearnCPP\C04_Generic_CompileTime_Reflection\exercises\cmake\..\build\_diag\5acd537c75c9\Release\evidence-1.json
</system-out>
	</testcase>
	<testcase name="A05_expression_templates_student" classname="A05_expression_templates_student" time="0.0425803" status="fail">
		<failure message="Failed"/>
		<properties>
			<property name="cmake_labels" value="student"/>
		</properties>
		<system-out>check failed: empty expression evaluation performs no element access
</system-out>
	</testcase>
	<testcase name="A05_eager_numeric_baseline" classname="A05_eager_numeric_baseline" time="0.0265278" status="run">
		<properties>
			<property name="cmake_labels" value="observation"/>
		</properties>
		<system-out>A05 eager numeric reference OK
</system-out>
	</testcase>
	<testcase name="A05_direct_write_bad" classname="A05_direct_write_bad" time="0.0267885" status="run">
		<properties>
			<property name="cmake_labels" value="observation"/>
		</properties>
		<system-out>A05 direct write counterexample observed
</system-out>
	</testcase>
	<testcase name="A05_diag_size" classname="A05_diag_size" time="4.99942" status="run">
		<properties>
			<property name="cmake_labels" value="diagnostic"/>
		</properties>
		<system-out>PASS: expected semantic diagnostic with a normal nonzero compiler exit; F:\CPPTrain\LearnCPP\C04_Generic_CompileTime_Reflection\exercises\cmake\..\build\_diag\7f066eb4644a\Release\evidence-1.json
</system-out>
	</testcase>
	<testcase name="U01_mp11_student" classname="U01_mp11_student" time="0.0231745" status="fail">
		<failure message="Failed"/>
		<properties>
			<property name="cmake_labels" value="student"/>
		</properties>
		<system-out>check failed: schema_map_t&lt;Person&gt; must expose the Person fields before the full Mp11 contract can run
</system-out>
	</testcase>
	<testcase name="U01_mp11_missing_key_diagnostic" classname="U01_mp11_missing_key_diagnostic" time="5.54193" status="run">
		<properties>
			<property name="cmake_labels" value="diagnostic"/>
		</properties>
		<system-out>PASS: expected semantic diagnostic with a normal nonzero compiler exit; F:\CPPTrain\LearnCPP\C04_Generic_CompileTime_Reflection\exercises\cmake\..\build\_diag\242a805c7697\Release\evidence-1.json
</system-out>
	</testcase>
	<testcase name="U02_hana_record_observation" classname="U02_hana_record_observation" time="0.0339646" status="run">
		<properties>
			<property name="cmake_labels" value="observation"/>
		</properties>
		<system-out>U02 Hana record observation passed
</system-out>
	</testcase>
	<testcase name="U02_hana_migration_solution" classname="U02_hana_migration_solution" time="0.0285891" status="run">
		<properties>
			<property name="cmake_labels" value="observation"/>
		</properties>
		<system-out>U02 Hana migration solution passed
</system-out>
	</testcase>
</testsuite>
