<?xml version="1.0" encoding="UTF-8"?>
<testsuite name="Win32-MSBuild"
	tests="71"
	failures="18"
	disabled="0"
	skipped="0"
	hostname="lizhidan-p02"
	time="123"
	timestamp="2026-09-10T14:53:28"
	>
	<testcase name="C04_diagnostic_message_controls" classname="C04_diagnostic_message_controls" time="0.0793163" status="run">
		<properties>
			<property name="cmake_labels" value="validation"/>
		</properties>
		<system-out>diagnostic message controls passed
</system-out>
	</testcase>
	<testcase name="L01_templates_student" classname="L01_templates_student" time="0.444869" status="fail">
		<failure message="Failed"/>
		<properties>
			<property name="cmake_labels" value="student"/>
		</properties>
		<system-out>check failed: quantity_value_t reads dependent value_type
</system-out>
	</testcase>
	<testcase name="L01_templates_instantiation" classname="L01_templates_instantiation" time="0.43748" status="run">
		<properties>
			<property name="cmake_labels" value="observation"/>
		</properties>
		<system-out>L01_templates instantiation observation OK
</system-out>
	</testcase>
	<testcase name="L01_templates_extern_template" classname="L01_templates_extern_template" time="0.411746" status="run">
		<properties>
			<property name="cmake_labels" value="observation"/>
		</properties>
		<system-out>L01_templates extern template observation OK
</system-out>
	</testcase>
	<testcase name="L01_templates_missing_extern_provider" classname="L01_templates_missing_extern_provider" time="1.5216" status="run">
		<properties>
			<property name="cmake_labels" value="diagnostic"/>
		</properties>
		<system-out>PASS: missing explicit-instantiation provider must fail at link; F:\CPPTrain\LearnCPP\build\c04-revision-student\L01_templates\diag\missing\evidence-2.json
</system-out>
	</testcase>
	<testcase name="L02_deduction_student" classname="L02_deduction_student" time="0.419487" status="fail">
		<failure message="Failed"/>
		<properties>
			<property name="cmake_labels" value="student"/>
		</properties>
		<system-out>check failed: by-value keeps plain int
</system-out>
	</testcase>
	<testcase name="L02_deduction_decltype" classname="L02_deduction_decltype" time="0.426319" status="run">
		<properties>
			<property name="cmake_labels" value="observation"/>
		</properties>
		<system-out>L02_deduction decltype observation OK
</system-out>
	</testcase>
	<testcase name="L03_forwarding_student" classname="L03_forwarding_student" time="0.419419" status="fail">
		<failure message="Failed"/>
		<properties>
			<property name="cmake_labels" value="student"/>
		</properties>
		<system-out>check failed: invoke_preserving must keep lvalue argument category
</system-out>
	</testcase>
	<testcase name="L03_forwarding_counterexamples" classname="L03_forwarding_counterexamples" time="0.433318" status="run">
		<properties>
			<property name="cmake_labels" value="observation"/>
		</properties>
		<system-out>L03_forwarding counterexamples observation OK
</system-out>
	</testcase>
	<testcase name="L04_lookup_student" classname="L04_lookup_student" time="0.574096" status="fail">
		<failure message="Failed"/>
		<properties>
			<property name="cmake_labels" value="student"/>
		</properties>
		<system-out>check failed: no-route object must not satisfy c04_inspectable
</system-out>
	</testcase>
	<testcase name="L04_lookup_observation" classname="L04_lookup_observation" time="0.437901" status="run">
		<properties>
			<property name="cmake_labels" value="observation"/>
		</properties>
		<system-out>L04_lookup observation OK
</system-out>
	</testcase>
	<testcase name="L04_lookup_missing_typename" classname="L04_lookup_missing_typename" time="2.84985" status="run">
		<properties>
			<property name="cmake_labels" value="diagnostic"/>
		</properties>
		<system-out>PASS: expected semantic diagnostic with a normal nonzero compiler exit; F:\CPPTrain\LearnCPP\C04_Generic_CompileTime_Reflection\exercises\cmake\..\build\_diag\f3f85c4add7e\Release\evidence-2.json
</system-out>
	</testcase>
	<testcase name="L05_overload_student" classname="L05_overload_student" time="0.428154" status="fail">
		<failure message="Failed"/>
		<properties>
			<property name="cmake_labels" value="student"/>
		</properties>
		<system-out>check failed: member describe returns member_result
</system-out>
	</testcase>
	<testcase name="L05_overload_observation" classname="L05_overload_observation" time="0.466599" status="run">
		<properties>
			<property name="cmake_labels" value="observation"/>
		</properties>
		<system-out>L05_overload observation OK
</system-out>
	</testcase>
	<testcase name="L05_func_partial" classname="L05_func_partial" time="2.95323" status="run">
		<properties>
			<property name="cmake_labels" value="diagnostic"/>
		</properties>
		<system-out>PASS: expected semantic diagnostic with a normal nonzero compiler exit; F:\CPPTrain\LearnCPP\C04_Generic_CompileTime_Reflection\exercises\cmake\..\build\_diag\bd815dc0a322\Release\evidence-2.json
</system-out>
	</testcase>
	<testcase name="L05_body_error" classname="L05_body_error" time="2.8833" status="run">
		<properties>
			<property name="cmake_labels" value="diagnostic"/>
		</properties>
		<system-out>PASS: expected semantic diagnostic with a normal nonzero compiler exit; F:\CPPTrain\LearnCPP\C04_Generic_CompileTime_Reflection\exercises\cmake\..\build\_diag\8fe1067a11cd\Release\evidence-2.json
</system-out>
	</testcase>
	<testcase name="L06_constraints_student" classname="L06_constraints_student" time="0.424208" status="fail">
		<failure message="Failed"/>
		<properties>
			<property name="cmake_labels" value="student"/>
		</properties>
		<system-out>check failed: missing name is not field_like
</system-out>
	</testcase>
	<testcase name="L06_constraints_observation" classname="L06_constraints_observation" time="0.441438" status="run">
		<properties>
			<property name="cmake_labels" value="observation"/>
		</properties>
		<system-out>L06_constraints observation OK
</system-out>
	</testcase>
	<testcase name="L06_non_dep" classname="L06_non_dep" time="3.13949" status="run">
		<properties>
			<property name="cmake_labels" value="diagnostic"/>
		</properties>
		<system-out>PASS: expected semantic diagnostic with a normal nonzero compiler exit; F:\CPPTrain\LearnCPP\C04_Generic_CompileTime_Reflection\exercises\cmake\..\build\_diag\6157154f7779\Release\evidence-2.json
</system-out>
	</testcase>
	<testcase name="L07_packs_student" classname="L07_packs_student" time="0.432593" status="fail">
		<failure message="Failed"/>
		<properties>
			<property name="cmake_labels" value="student"/>
		</properties>
		<system-out>check failed: empty all fold identity must be true
</system-out>
	</testcase>
	<testcase name="L07_packs_observation" classname="L07_packs_observation" time="0.419849" status="run">
		<properties>
			<property name="cmake_labels" value="observation"/>
		</properties>
		<system-out>L07 pack observation OK
</system-out>
	</testcase>
	<testcase name="L08_type_lists_student" classname="L08_type_lists_student" time="0.479991" status="fail">
		<failure message="Failed"/>
		<properties>
			<property name="cmake_labels" value="student"/>
		</properties>
		<system-out>check failed: map_t applies a unary template to each element
</system-out>
	</testcase>
	<testcase name="L08_type_lists_observation" classname="L08_type_lists_observation" time="0.465591" status="run">
		<properties>
			<property name="cmake_labels" value="observation"/>
		</properties>
		<system-out>L08 type-list observation OK
</system-out>
	</testcase>
	<testcase name="L08_lazy_type_eager_bad" classname="L08_lazy_type_eager_bad" time="3.07636" status="run">
		<properties>
			<property name="cmake_labels" value="diagnostic"/>
		</properties>
		<system-out>PASS: expected semantic diagnostic with a normal nonzero compiler exit; F:\CPPTrain\LearnCPP\C04_Generic_CompileTime_Reflection\exercises\cmake\..\build\_diag\ce9639747a90\Release\evidence-2.json
</system-out>
	</testcase>
	<testcase name="L09_tuple_student" classname="L09_tuple_student" time="0.431576" status="fail">
		<failure message="Failed"/>
		<properties>
			<property name="cmake_labels" value="student"/>
		</properties>
		<system-out>check failed: tuple traversal must preserve left-to-right order
</system-out>
	</testcase>
	<testcase name="L09_tuple_observation" classname="L09_tuple_observation" time="0.417755" status="run">
		<properties>
			<property name="cmake_labels" value="observation"/>
		</properties>
		<system-out>L09 tuple observation OK
</system-out>
	</testcase>
	<testcase name="L10_constexpr_student" classname="L10_constexpr_student" time="0.434748" status="fail">
		<failure message="Failed"/>
		<properties>
			<property name="cmake_labels" value="student"/>
		</properties>
		<system-out>check failed: decimal_value parses digits at compile time
</system-out>
	</testcase>
	<testcase name="L10_constexpr_observation" classname="L10_constexpr_observation" time="0.474031" status="run">
		<properties>
			<property name="cmake_labels" value="observation"/>
		</properties>
		<system-out>L10 constexpr observation OK
</system-out>
	</testcase>
	<testcase name="L10_invalid_digit_diagnostic" classname="L10_invalid_digit_diagnostic" time="3.6855" status="run">
		<properties>
			<property name="cmake_labels" value="diagnostic"/>
		</properties>
		<system-out>PASS: expected semantic diagnostic with a normal nonzero compiler exit; F:\CPPTrain\LearnCPP\C04_Generic_CompileTime_Reflection\exercises\cmake\..\build\_diag\c530672be5da\Release\evidence-2.json
</system-out>
	</testcase>
	<testcase name="L10_empty_decimal_diagnostic" classname="L10_empty_decimal_diagnostic" time="3.58366" status="run">
		<properties>
			<property name="cmake_labels" value="diagnostic"/>
		</properties>
		<system-out>PASS: expected semantic diagnostic with a normal nonzero compiler exit; F:\CPPTrain\LearnCPP\C04_Generic_CompileTime_Reflection\exercises\cmake\..\build\_diag\c63a669a8bba\Release\evidence-2.json
</system-out>
	</testcase>
	<testcase name="L10_embedded_nul_diagnostic" classname="L10_embedded_nul_diagnostic" time="3.49481" status="run">
		<properties>
			<property name="cmake_labels" value="diagnostic"/>
		</properties>
		<system-out>PASS: expected semantic diagnostic with a normal nonzero compiler exit; F:\CPPTrain\LearnCPP\C04_Generic_CompileTime_Reflection\exercises\cmake\..\build\_diag\487a2235b8ad\Release\evidence-2.json
</system-out>
	</testcase>
	<testcase name="L10_signed_decimal_diagnostic" classname="L10_signed_decimal_diagnostic" time="3.45497" status="run">
		<properties>
			<property name="cmake_labels" value="diagnostic"/>
		</properties>
		<system-out>PASS: expected semantic diagnostic with a normal nonzero compiler exit; F:\CPPTrain\LearnCPP\C04_Generic_CompileTime_Reflection\exercises\cmake\..\build\_diag\ad1efd21ca8f\Release\evidence-2.json
</system-out>
	</testcase>
	<testcase name="L10_spaced_decimal_diagnostic" classname="L10_spaced_decimal_diagnostic" time="3.4581" status="run">
		<properties>
			<property name="cmake_labels" value="diagnostic"/>
		</properties>
		<system-out>PASS: expected semantic diagnostic with a normal nonzero compiler exit; F:\CPPTrain\LearnCPP\C04_Generic_CompileTime_Reflection\exercises\cmake\..\build\_diag\aa368cfc904f\Release\evidence-2.json
</system-out>
	</testcase>
	<testcase name="L10_decimal_overflow_diagnostic" classname="L10_decimal_overflow_diagnostic" time="3.36197" status="run">
		<properties>
			<property name="cmake_labels" value="diagnostic"/>
		</properties>
		<system-out>PASS: expected semantic diagnostic with a normal nonzero compiler exit; F:\CPPTrain\LearnCPP\C04_Generic_CompileTime_Reflection\exercises\cmake\..\build\_diag\7d10b23b570f\Release\evidence-2.json
</system-out>
	</testcase>
	<testcase name="L10_parameter_constant_diagnostic" classname="L10_parameter_constant_diagnostic" time="2.89767" status="run">
		<properties>
			<property name="cmake_labels" value="diagnostic"/>
		</properties>
		<system-out>PASS: expected semantic diagnostic with a normal nonzero compiler exit; F:\CPPTrain\LearnCPP\C04_Generic_CompileTime_Reflection\exercises\cmake\..\build\_diag\2af6f255b922\Release\evidence-2.json
</system-out>
	</testcase>
	<testcase name="L11_customization_student" classname="L11_customization_student" time="0.44876" status="fail">
		<failure message="Failed"/>
		<properties>
			<property name="cmake_labels" value="student"/>
		</properties>
		<system-out>check failed: no-path object must not satisfy c04_readable
</system-out>
	</testcase>
	<testcase name="L11_customization_baseline" classname="L11_customization_baseline" time="0.428953" status="run">
		<properties>
			<property name="cmake_labels" value="observation"/>
		</properties>
		<system-out>L11_customization baseline observation OK
</system-out>
	</testcase>
	<testcase name="L11_customization_counterexamples" classname="L11_customization_counterexamples" time="0.453676" status="run">
		<properties>
			<property name="cmake_labels" value="observation"/>
		</properties>
		<system-out>L11_customization counterexamples observation OK
</system-out>
	</testcase>
	<testcase name="B01_compile_cost_contracts" classname="B01_compile_cost_contracts" time="0.447461" status="run">
		<properties>
			<property name="cmake_labels" value="observation"/>
		</properties>
		<system-out></system-out>
	</testcase>
	<testcase name="P1_static_record_student" classname="P1_static_record_student" time="0.43509" status="fail">
		<failure message="Failed"/>
		<properties>
			<property name="cmake_labels" value="student"/>
		</properties>
		<system-out>check failed: encoded fields cover the complete schema in declaration order
</system-out>
	</testcase>
	<testcase name="P1_static_record_known_baseline" classname="P1_static_record_known_baseline" time="0.431552" status="run">
		<properties>
			<property name="cmake_labels" value="observation"/>
		</properties>
		<system-out>P1 known-type encoding baseline passed
</system-out>
	</testcase>
	<testcase name="A01_compiletime_values_student" classname="A01_compiletime_values_student" time="0.434951" status="fail">
		<failure message="Failed"/>
		<properties>
			<property name="cmake_labels" value="student"/>
		</properties>
		<system-out>check failed: sort orders literal keys
</system-out>
	</testcase>
	<testcase name="A01_diag_escape_pointer" classname="A01_diag_escape_pointer" time="3.8062" status="run">
		<properties>
			<property name="cmake_labels" value="diagnostic"/>
		</properties>
		<system-out>PASS: expected semantic diagnostic with a normal nonzero compiler exit; F:\CPPTrain\LearnCPP\C04_Generic_CompileTime_Reflection\exercises\cmake\..\build\_diag\6b30cb931463\Release\evidence-2.json
</system-out>
	</testcase>
	<testcase name="A01_diag_key_too_long" classname="A01_diag_key_too_long" time="3.9013" status="run">
		<properties>
			<property name="cmake_labels" value="diagnostic"/>
		</properties>
		<system-out>PASS: expected semantic diagnostic with a normal nonzero compiler exit; F:\CPPTrain\LearnCPP\C04_Generic_CompileTime_Reflection\exercises\cmake\..\build\_diag\be8bac1bc33c\Release\evidence-2.json
</system-out>
	</testcase>
	<testcase name="A01_diag_key_non_ascii" classname="A01_diag_key_non_ascii" time="3.44017" status="run">
		<properties>
			<property name="cmake_labels" value="diagnostic"/>
		</properties>
		<system-out>PASS: expected semantic diagnostic with a normal nonzero compiler exit; F:\CPPTrain\LearnCPP\C04_Generic_CompileTime_Reflection\exercises\cmake\..\build\_diag\7c38afa07d25\Release\evidence-2.json
</system-out>
	</testcase>
	<testcase name="A01_diag_key_embedded_nul" classname="A01_diag_key_embedded_nul" time="3.63214" status="run">
		<properties>
			<property name="cmake_labels" value="diagnostic"/>
		</properties>
		<system-out>PASS: expected semantic diagnostic with a normal nonzero compiler exit; F:\CPPTrain\LearnCPP\C04_Generic_CompileTime_Reflection\exercises\cmake\..\build\_diag\7c8c4be6e9c5\Release\evidence-2.json
</system-out>
	</testcase>
	<testcase name="A02_field_projection_student" classname="A02_field_projection_student" time="0.43617" status="fail">
		<failure message="Failed"/>
		<properties>
			<property name="cmake_labels" value="student"/>
		</properties>
		<system-out>check failed: project returns writable references in requested order
</system-out>
	</testcase>
	<testcase name="A02_known_projection_baseline" classname="A02_known_projection_baseline" time="0.436502" status="run">
		<properties>
			<property name="cmake_labels" value="observation"/>
		</properties>
		<system-out>known projection baseline OK
</system-out>
	</testcase>
	<testcase name="A02_projection_counterexamples" classname="A02_projection_counterexamples" time="0.431948" status="run">
		<properties>
			<property name="cmake_labels" value="observation"/>
		</properties>
		<system-out>projection counterexamples observed
</system-out>
	</testcase>
	<testcase name="A02_diag_unknown" classname="A02_diag_unknown" time="4.32979" status="run">
		<properties>
			<property name="cmake_labels" value="diagnostic"/>
		</properties>
		<system-out>PASS: expected semantic diagnostic with a normal nonzero compiler exit; F:\CPPTrain\LearnCPP\C04_Generic_CompileTime_Reflection\exercises\cmake\..\build\_diag\17101f8d7a53\Release\evidence-2.json
</system-out>
	</testcase>
	<testcase name="A02_diag_dup" classname="A02_diag_dup" time="4.54002" status="run">
		<properties>
			<property name="cmake_labels" value="diagnostic"/>
		</properties>
		<system-out>PASS: expected semantic diagnostic with a normal nonzero compiler exit; F:\CPPTrain\LearnCPP\C04_Generic_CompileTime_Reflection\exercises\cmake\..\build\_diag\3729db075b3f\Release\evidence-2.json
</system-out>
	</testcase>
	<testcase name="A02_diag_empty" classname="A02_diag_empty" time="4.35535" status="run">
		<properties>
			<property name="cmake_labels" value="diagnostic"/>
		</properties>
		<system-out>PASS: expected semantic diagnostic with a normal nonzero compiler exit; F:\CPPTrain\LearnCPP\C04_Generic_CompileTime_Reflection\exercises\cmake\..\build\_diag\a858e5f39ccf\Release\evidence-2.json
</system-out>
	</testcase>
	<testcase name="A02_diag_bad_id" classname="A02_diag_bad_id" time="4.47104" status="run">
		<properties>
			<property name="cmake_labels" value="diagnostic"/>
		</properties>
		<system-out>PASS: expected semantic diagnostic with a normal nonzero compiler exit; F:\CPPTrain\LearnCPP\C04_Generic_CompileTime_Reflection\exercises\cmake\..\build\_diag\b96d47080814\Release\evidence-2.json
</system-out>
	</testcase>
	<testcase name="A02_diag_rvalue" classname="A02_diag_rvalue" time="4.10993" status="run">
		<properties>
			<property name="cmake_labels" value="diagnostic"/>
		</properties>
		<system-out>PASS: expected semantic diagnostic with a normal nonzero compiler exit; F:\CPPTrain\LearnCPP\C04_Generic_CompileTime_Reflection\exercises\cmake\..\build\_diag\547ca2d2bec4\Release\evidence-2.json
</system-out>
	</testcase>
	<testcase name="A02_diag_trail" classname="A02_diag_trail" time="3.93338" status="run">
		<properties>
			<property name="cmake_labels" value="diagnostic"/>
		</properties>
		<system-out>PASS: expected semantic diagnostic with a normal nonzero compiler exit; F:\CPPTrain\LearnCPP\C04_Generic_CompileTime_Reflection\exercises\cmake\..\build\_diag\2021fea9af64\Release\evidence-2.json
</system-out>
	</testcase>
	<testcase name="A02_diag_nul" classname="A02_diag_nul" time="4.08662" status="run">
		<properties>
			<property name="cmake_labels" value="diagnostic"/>
		</properties>
		<system-out>PASS: expected semantic diagnostic with a normal nonzero compiler exit; F:\CPPTrain\LearnCPP\C04_Generic_CompileTime_Reflection\exercises\cmake\..\build\_diag\d8e8875667ec\Release\evidence-2.json
</system-out>
	</testcase>
	<testcase name="A03_explicit_object_student" classname="A03_explicit_object_student" time="0.45953" status="fail">
		<failure message="Failed"/>
		<properties>
			<property name="cmake_labels" value="student"/>
		</properties>
		<system-out>check failed: value preserves object identity and cvref category
</system-out>
	</testcase>
	<testcase name="A03_diag_const_take" classname="A03_diag_const_take" time="3.51062" status="run">
		<properties>
			<property name="cmake_labels" value="diagnostic"/>
		</properties>
		<system-out>PASS: expected semantic diagnostic with a normal nonzero compiler exit; F:\CPPTrain\LearnCPP\C04_Generic_CompileTime_Reflection\exercises\cmake\..\build\_diag\1d4e0caf4269\Release\evidence-2.json
</system-out>
	</testcase>
	<testcase name="A04_type_pipelines_student" classname="A04_type_pipelines_student" time="0.468062" status="fail">
		<failure message="Failed"/>
		<properties>
			<property name="cmake_labels" value="student"/>
		</properties>
		<system-out>check failed: flatten recursively expands nested type_list elements
</system-out>
	</testcase>
	<testcase name="A04_eager_counterexample" classname="A04_eager_counterexample" time="0.443722" status="run">
		<properties>
			<property name="cmake_labels" value="observation"/>
		</properties>
		<system-out>A04 eager counterexample baseline OK
</system-out>
	</testcase>
	<testcase name="A04_diag_zip" classname="A04_diag_zip" time="3.31443" status="run">
		<properties>
			<property name="cmake_labels" value="diagnostic"/>
		</properties>
		<system-out>PASS: expected semantic diagnostic with a normal nonzero compiler exit; F:\CPPTrain\LearnCPP\C04_Generic_CompileTime_Reflection\exercises\cmake\..\build\_diag\657bbef69992\Release\evidence-2.json
</system-out>
	</testcase>
	<testcase name="A04_diag_flatten" classname="A04_diag_flatten" time="3.27815" status="run">
		<properties>
			<property name="cmake_labels" value="diagnostic"/>
		</properties>
		<system-out>PASS: expected semantic diagnostic with a normal nonzero compiler exit; F:\CPPTrain\LearnCPP\C04_Generic_CompileTime_Reflection\exercises\cmake\..\build\_diag\d98699ab9d25\Release\evidence-2.json
</system-out>
	</testcase>
	<testcase name="A04_diag_eager" classname="A04_diag_eager" time="3.0964" status="run">
		<properties>
			<property name="cmake_labels" value="diagnostic"/>
		</properties>
		<system-out>PASS: expected semantic diagnostic with a normal nonzero compiler exit; F:\CPPTrain\LearnCPP\C04_Generic_CompileTime_Reflection\exercises\cmake\..\build\_diag\5acd537c75c9\Release\evidence-2.json
</system-out>
	</testcase>
	<testcase name="A05_expression_templates_student" classname="A05_expression_templates_student" time="0.426974" status="fail">
		<failure message="Failed"/>
		<properties>
			<property name="cmake_labels" value="student"/>
		</properties>
		<system-out>check failed: empty expression evaluation performs no element access
</system-out>
	</testcase>
	<testcase name="A05_eager_numeric_baseline" classname="A05_eager_numeric_baseline" time="0.436008" status="run">
		<properties>
			<property name="cmake_labels" value="observation"/>
		</properties>
		<system-out>A05 eager numeric reference OK
</system-out>
	</testcase>
	<testcase name="A05_direct_write_bad" classname="A05_direct_write_bad" time="0.433314" status="run">
		<properties>
			<property name="cmake_labels" value="observation"/>
		</properties>
		<system-out>A05 direct write counterexample observed
</system-out>
	</testcase>
	<testcase name="A05_diag_size" classname="A05_diag_size" time="3.38841" status="run">
		<properties>
			<property name="cmake_labels" value="diagnostic"/>
		</properties>
		<system-out>PASS: expected semantic diagnostic with a normal nonzero compiler exit; F:\CPPTrain\LearnCPP\C04_Generic_CompileTime_Reflection\exercises\cmake\..\build\_diag\7f066eb4644a\Release\evidence-2.json
</system-out>
	</testcase>
	<testcase name="U01_mp11_student" classname="U01_mp11_student" time="0.431765" status="fail">
		<failure message="Failed"/>
		<properties>
			<property name="cmake_labels" value="student"/>
		</properties>
		<system-out>check failed: schema_map_t&lt;Person&gt; must expose the Person fields before the full Mp11 contract can run
</system-out>
	</testcase>
	<testcase name="U01_mp11_missing_key_diagnostic" classname="U01_mp11_missing_key_diagnostic" time="3.7093" status="run">
		<properties>
			<property name="cmake_labels" value="diagnostic"/>
		</properties>
		<system-out>PASS: expected semantic diagnostic with a normal nonzero compiler exit; F:\CPPTrain\LearnCPP\C04_Generic_CompileTime_Reflection\exercises\cmake\..\build\_diag\242a805c7697\Release\evidence-2.json
</system-out>
	</testcase>
	<testcase name="U02_hana_record_observation" classname="U02_hana_record_observation" time="0.444353" status="run">
		<properties>
			<property name="cmake_labels" value="observation"/>
		</properties>
		<system-out>U02 Hana record observation passed
</system-out>
	</testcase>
	<testcase name="U02_hana_migration_solution" classname="U02_hana_migration_solution" time="0.436846" status="run">
		<properties>
			<property name="cmake_labels" value="observation"/>
		</properties>
		<system-out>U02 Hana migration solution passed
</system-out>
	</testcase>
</testsuite>
