<?xml version="1.0" encoding="UTF-8"?>
<testsuite name="Win32-MSBuild"
	tests="59"
	failures="0"
	disabled="0"
	skipped="0"
	hostname="lizhidan-p02"
	time="16"
	timestamp="2026-09-09T23:53:08"
	>
	<testcase name="L01_templates_reference" classname="L01_templates_reference" time="0.0179869" status="run">
		<properties>
			<property name="cmake_labels" value="reference"/>
		</properties>
		<system-out>L01_templates quantity checks OK
</system-out>
	</testcase>
	<testcase name="L01_templates_validation_good" classname="L01_templates_validation_good" time="0.0174134" status="run">
		<properties>
			<property name="cmake_labels" value="validation"/>
		</properties>
		<system-out>L01_templates quantity checks OK
</system-out>
	</testcase>
	<testcase name="L01_templates_validation_bad_rejected" classname="L01_templates_validation_bad_rejected" time="0.0506942" status="run">
		<properties>
			<property name="cmake_labels" value="negative"/>
		</properties>
		<system-out>-- Rejected the intended bad implementation: different units must not be addable
</system-out>
	</testcase>
	<testcase name="L01_templates_instantiation" classname="L01_templates_instantiation" time="0.0171355" status="run">
		<properties>
			<property name="cmake_labels" value="observation"/>
		</properties>
		<system-out>L01_templates instantiation observation OK
</system-out>
	</testcase>
	<testcase name="L01_templates_extern_template" classname="L01_templates_extern_template" time="0.0198374" status="run">
		<properties>
			<property name="cmake_labels" value="observation"/>
		</properties>
		<system-out>L01_templates extern template observation OK
</system-out>
	</testcase>
	<testcase name="L01_templates_missing_extern_provider" classname="L01_templates_missing_extern_provider" time="1.61668" status="run">
		<properties>
			<property name="cmake_labels" value="diagnostic"/>
		</properties>
		<system-out>PASS: missing explicit-instantiation provider must fail at link; F:\CPPTrain\LearnCPP\C04_Generic_CompileTime_Reflection\exercises\build\verify-core\L01_templates\diag\missing\evidence-3.json
</system-out>
	</testcase>
	<testcase name="L02_deduction_reference" classname="L02_deduction_reference" time="0.024441" status="run">
		<properties>
			<property name="cmake_labels" value="reference"/>
		</properties>
		<system-out>L02_deduction checks OK
</system-out>
	</testcase>
	<testcase name="L02_deduction_validation_good" classname="L02_deduction_validation_good" time="0.0444241" status="run">
		<properties>
			<property name="cmake_labels" value="validation"/>
		</properties>
		<system-out>L02_deduction checks OK
</system-out>
	</testcase>
	<testcase name="L02_deduction_validation_bad_rejected" classname="L02_deduction_validation_bad_rejected" time="0.0891234" status="run">
		<properties>
			<property name="cmake_labels" value="negative"/>
		</properties>
		<system-out>-- Rejected the intended bad implementation: array reference must preserve extent
</system-out>
	</testcase>
	<testcase name="L02_deduction_decltype" classname="L02_deduction_decltype" time="0.0250031" status="run">
		<properties>
			<property name="cmake_labels" value="observation"/>
		</properties>
		<system-out>L02_deduction decltype observation OK
</system-out>
	</testcase>
	<testcase name="L03_forwarding_reference" classname="L03_forwarding_reference" time="0.0247082" status="run">
		<properties>
			<property name="cmake_labels" value="reference"/>
		</properties>
		<system-out>L03_forwarding checks OK
</system-out>
	</testcase>
	<testcase name="L03_forwarding_validation_good" classname="L03_forwarding_validation_good" time="0.0286759" status="run">
		<properties>
			<property name="cmake_labels" value="validation"/>
		</properties>
		<system-out>L03_forwarding checks OK
</system-out>
	</testcase>
	<testcase name="L03_forwarding_validation_bad_rejected" classname="L03_forwarding_validation_bad_rejected" time="0.0846263" status="run">
		<properties>
			<property name="cmake_labels" value="negative"/>
		</properties>
		<system-out>-- Rejected the intended bad implementation: invoke_preserving must keep lvalue argument category
</system-out>
	</testcase>
	<testcase name="L03_forwarding_counterexamples" classname="L03_forwarding_counterexamples" time="0.023867" status="run">
		<properties>
			<property name="cmake_labels" value="observation"/>
		</properties>
		<system-out>L03_forwarding counterexamples observation OK
</system-out>
	</testcase>
	<testcase name="L04_lookup_reference" classname="L04_lookup_reference" time="0.0233938" status="run">
		<properties>
			<property name="cmake_labels" value="reference"/>
		</properties>
		<system-out>L04_lookup checks OK
</system-out>
	</testcase>
	<testcase name="L04_lookup_validation_good" classname="L04_lookup_validation_good" time="0.0206681" status="run">
		<properties>
			<property name="cmake_labels" value="validation"/>
		</properties>
		<system-out>L04_lookup checks OK
</system-out>
	</testcase>
	<testcase name="L04_lookup_validation_bad_rejected" classname="L04_lookup_validation_bad_rejected" time="0.0665611" status="run">
		<properties>
			<property name="cmake_labels" value="negative"/>
		</properties>
		<system-out>-- Rejected the intended bad implementation: no-route object must not satisfy c04_inspectable
</system-out>
	</testcase>
	<testcase name="L04_lookup_observation" classname="L04_lookup_observation" time="0.0198953" status="run">
		<properties>
			<property name="cmake_labels" value="observation"/>
		</properties>
		<system-out>L04_lookup observation OK
</system-out>
	</testcase>
	<testcase name="L04_lookup_missing_typename" classname="L04_lookup_missing_typename" time="2.55758" status="run">
		<properties>
			<property name="cmake_labels" value="diagnostic"/>
		</properties>
		<system-out>PASS: expected semantic diagnostic with a normal nonzero compiler exit; F:\CPPTrain\LearnCPP\C04_Generic_CompileTime_Reflection\exercises\build\verify-core\diagnostics\L04_lookup_missing_typename\evidence-3.json
</system-out>
	</testcase>
	<testcase name="L05_overload_reference" classname="L05_overload_reference" time="0.019874" status="run">
		<properties>
			<property name="cmake_labels" value="reference"/>
		</properties>
		<system-out>L05_overload checks OK
</system-out>
	</testcase>
	<testcase name="L05_overload_validation_good" classname="L05_overload_validation_good" time="0.0167473" status="run">
		<properties>
			<property name="cmake_labels" value="validation"/>
		</properties>
		<system-out>L05_overload checks OK
</system-out>
	</testcase>
	<testcase name="L05_overload_validation_bad_rejected" classname="L05_overload_validation_bad_rejected" time="0.0497284" status="run">
		<properties>
			<property name="cmake_labels" value="negative"/>
		</properties>
		<system-out>-- Rejected the intended bad implementation: string literal overload must keep the array extent
</system-out>
	</testcase>
	<testcase name="L05_overload_observation" classname="L05_overload_observation" time="0.0171321" status="run">
		<properties>
			<property name="cmake_labels" value="observation"/>
		</properties>
		<system-out>L05_overload observation OK
</system-out>
	</testcase>
	<testcase name="L05_func_partial" classname="L05_func_partial" time="2.00078" status="run">
		<properties>
			<property name="cmake_labels" value="diagnostic"/>
		</properties>
		<system-out>PASS: expected semantic diagnostic with a normal nonzero compiler exit; F:\CPPTrain\LearnCPP\C04_Generic_CompileTime_Reflection\exercises\build\verify-core\diagnostics\L05_func_partial\evidence-3.json
</system-out>
	</testcase>
	<testcase name="L05_body_error" classname="L05_body_error" time="2.06444" status="run">
		<properties>
			<property name="cmake_labels" value="diagnostic"/>
		</properties>
		<system-out>PASS: expected semantic diagnostic with a normal nonzero compiler exit; F:\CPPTrain\LearnCPP\C04_Generic_CompileTime_Reflection\exercises\build\verify-core\diagnostics\L05_body_error\evidence-3.json
</system-out>
	</testcase>
	<testcase name="L06_constraints_reference" classname="L06_constraints_reference" time="0.0192162" status="run">
		<properties>
			<property name="cmake_labels" value="reference"/>
		</properties>
		<system-out>L06_constraints checks OK
</system-out>
	</testcase>
	<testcase name="L06_constraints_validation_good" classname="L06_constraints_validation_good" time="0.0163884" status="run">
		<properties>
			<property name="cmake_labels" value="validation"/>
		</properties>
		<system-out>L06_constraints checks OK
</system-out>
	</testcase>
	<testcase name="L06_constraints_validation_bad_rejected" classname="L06_constraints_validation_bad_rejected" time="0.0543348" status="run">
		<properties>
			<property name="cmake_labels" value="negative"/>
		</properties>
		<system-out>-- Rejected the intended bad implementation: single-pass range must not satisfy stable_field_range
</system-out>
	</testcase>
	<testcase name="L06_constraints_observation" classname="L06_constraints_observation" time="0.0162896" status="run">
		<properties>
			<property name="cmake_labels" value="observation"/>
		</properties>
		<system-out>L06_constraints observation OK
</system-out>
	</testcase>
	<testcase name="L06_non_dep" classname="L06_non_dep" time="2.30616" status="run">
		<properties>
			<property name="cmake_labels" value="diagnostic"/>
		</properties>
		<system-out>PASS: expected semantic diagnostic with a normal nonzero compiler exit; F:\CPPTrain\LearnCPP\C04_Generic_CompileTime_Reflection\exercises\build\verify-core\diagnostics\L06_non_dep\evidence-3.json
</system-out>
	</testcase>
	<testcase name="L07_packs_reference" classname="L07_packs_reference" time="0.0184327" status="run">
		<properties>
			<property name="cmake_labels" value="reference"/>
		</properties>
		<system-out>L07_packs checks OK
</system-out>
	</testcase>
	<testcase name="L07_packs_validation_good" classname="L07_packs_validation_good" time="0.0193742" status="run">
		<properties>
			<property name="cmake_labels" value="validation"/>
		</properties>
		<system-out>L07_packs checks OK
</system-out>
	</testcase>
	<testcase name="L07_packs_validation_bad_rejected" classname="L07_packs_validation_bad_rejected" time="0.0614497" status="run">
		<properties>
			<property name="cmake_labels" value="negative"/>
		</properties>
		<system-out>-- Rejected the intended bad implementation: empty all fold identity must be true
</system-out>
	</testcase>
	<testcase name="L07_packs_observation" classname="L07_packs_observation" time="0.0187722" status="run">
		<properties>
			<property name="cmake_labels" value="observation"/>
		</properties>
		<system-out>L07 pack observation OK
</system-out>
	</testcase>
	<testcase name="L08_type_lists_reference" classname="L08_type_lists_reference" time="0.0187609" status="run">
		<properties>
			<property name="cmake_labels" value="reference"/>
		</properties>
		<system-out>L08_type_lists checks OK
</system-out>
	</testcase>
	<testcase name="L08_type_lists_validation_good" classname="L08_type_lists_validation_good" time="0.0187062" status="run">
		<properties>
			<property name="cmake_labels" value="validation"/>
		</properties>
		<system-out>L08_type_lists checks OK
</system-out>
	</testcase>
	<testcase name="L08_type_lists_validation_bad_rejected" classname="L08_type_lists_validation_bad_rejected" time="0.0620919" status="run">
		<properties>
			<property name="cmake_labels" value="negative"/>
		</properties>
		<system-out>-- Rejected the intended bad implementation: error and stopped signatures must survive value transform
</system-out>
	</testcase>
	<testcase name="L08_type_lists_observation" classname="L08_type_lists_observation" time="0.0208337" status="run">
		<properties>
			<property name="cmake_labels" value="observation"/>
		</properties>
		<system-out>L08 type-list observation OK
</system-out>
	</testcase>
	<testcase name="L08_lazy_type_eager_bad" classname="L08_lazy_type_eager_bad" time="2.49825" status="run">
		<properties>
			<property name="cmake_labels" value="diagnostic"/>
		</properties>
		<system-out>PASS: expected semantic diagnostic with a normal nonzero compiler exit; F:\CPPTrain\LearnCPP\C04_Generic_CompileTime_Reflection\exercises\build\verify-core\diagnostics\L08_lazy_type_eager_bad\evidence-3.json
</system-out>
	</testcase>
	<testcase name="L09_tuple_reference" classname="L09_tuple_reference" time="0.0164817" status="run">
		<properties>
			<property name="cmake_labels" value="reference"/>
		</properties>
		<system-out>L09_tuple checks OK
</system-out>
	</testcase>
	<testcase name="L09_tuple_validation_good" classname="L09_tuple_validation_good" time="0.0174248" status="run">
		<properties>
			<property name="cmake_labels" value="validation"/>
		</properties>
		<system-out>L09_tuple checks OK
</system-out>
	</testcase>
	<testcase name="L09_tuple_validation_bad_rejected" classname="L09_tuple_validation_bad_rejected" time="0.0699307" status="run">
		<properties>
			<property name="cmake_labels" value="negative"/>
		</properties>
		<system-out>-- Rejected the intended bad implementation: tuple traversal must preserve left-to-right order
</system-out>
	</testcase>
	<testcase name="L09_tuple_observation" classname="L09_tuple_observation" time="0.0177762" status="run">
		<properties>
			<property name="cmake_labels" value="observation"/>
		</properties>
		<system-out>L09 tuple observation OK
</system-out>
	</testcase>
	<testcase name="L10_constexpr_reference" classname="L10_constexpr_reference" time="0.0156844" status="run">
		<properties>
			<property name="cmake_labels" value="reference"/>
		</properties>
		<system-out>L10_constexpr checks OK
</system-out>
	</testcase>
	<testcase name="L10_constexpr_validation_good" classname="L10_constexpr_validation_good" time="0.0171892" status="run">
		<properties>
			<property name="cmake_labels" value="validation"/>
		</properties>
		<system-out>L10_constexpr checks OK
</system-out>
	</testcase>
	<testcase name="L10_constexpr_validation_bad_rejected" classname="L10_constexpr_validation_bad_rejected" time="0.0515317" status="run">
		<properties>
			<property name="cmake_labels" value="negative"/>
		</properties>
		<system-out>-- Rejected the intended bad implementation: if consteval branch must distinguish runtime calls
</system-out>
	</testcase>
	<testcase name="L10_constexpr_observation" classname="L10_constexpr_observation" time="0.016737" status="run">
		<properties>
			<property name="cmake_labels" value="observation"/>
		</properties>
		<system-out>L10 constexpr observation OK
</system-out>
	</testcase>
	<testcase name="L10_invalid_digit_diagnostic" classname="L10_invalid_digit_diagnostic" time="2.24054" status="run">
		<properties>
			<property name="cmake_labels" value="diagnostic"/>
		</properties>
		<system-out>PASS: expected semantic diagnostic with a normal nonzero compiler exit; F:\CPPTrain\LearnCPP\C04_Generic_CompileTime_Reflection\exercises\build\verify-core\diagnostics\L10_invalid_digit_diagnostic\evidence-3.json
</system-out>
	</testcase>
	<testcase name="L11_customization_reference" classname="L11_customization_reference" time="0.0186823" status="run">
		<properties>
			<property name="cmake_labels" value="reference"/>
		</properties>
		<system-out>L11_customization read_value checks OK
</system-out>
	</testcase>
	<testcase name="L11_customization_validation_good" classname="L11_customization_validation_good" time="0.0171617" status="run">
		<properties>
			<property name="cmake_labels" value="validation"/>
		</properties>
		<system-out>L11_customization read_value checks OK
</system-out>
	</testcase>
	<testcase name="L11_customization_validation_bad_rejected" classname="L11_customization_validation_bad_rejected" time="0.0511786" status="run">
		<properties>
			<property name="cmake_labels" value="negative"/>
		</properties>
		<system-out>-- Rejected the intended bad implementation: no-path object must not satisfy c04_readable
</system-out>
	</testcase>
	<testcase name="L11_customization_baseline" classname="L11_customization_baseline" time="0.017137" status="run">
		<properties>
			<property name="cmake_labels" value="observation"/>
		</properties>
		<system-out>L11_customization baseline observation OK
</system-out>
	</testcase>
	<testcase name="L11_customization_counterexamples" classname="L11_customization_counterexamples" time="0.0166346" status="run">
		<properties>
			<property name="cmake_labels" value="observation"/>
		</properties>
		<system-out>L11_customization counterexamples observation OK
</system-out>
	</testcase>
	<testcase name="B01_compile_cost_contracts" classname="B01_compile_cost_contracts" time="0.0163062" status="run">
		<properties>
			<property name="cmake_labels" value="observation"/>
		</properties>
		<system-out></system-out>
	</testcase>
	<testcase name="P1_static_record_reference" classname="P1_static_record_reference" time="0.0172034" status="run">
		<properties>
			<property name="cmake_labels" value="reference"/>
		</properties>
		<system-out>P1 static record contract passed
</system-out>
	</testcase>
	<testcase name="P1_static_record_validation_good" classname="P1_static_record_validation_good" time="0.0160267" status="run">
		<properties>
			<property name="cmake_labels" value="validation"/>
		</properties>
		<system-out>P1 static record contract passed
</system-out>
	</testcase>
	<testcase name="P1_static_record_validation_bad_rejected" classname="P1_static_record_validation_bad_rejected" time="0.0659677" status="run">
		<properties>
			<property name="cmake_labels" value="negative"/>
		</properties>
		<system-out>-- Rejected the intended bad implementation: encoded fields cover the complete schema in declaration order
</system-out>
	</testcase>
	<testcase name="P1_static_record_known_baseline" classname="P1_static_record_known_baseline" time="0.0202565" status="run">
		<properties>
			<property name="cmake_labels" value="observation"/>
		</properties>
		<system-out>P1 known-type encoding baseline passed
</system-out>
	</testcase>
	<testcase name="P1_static_record_schema_gap" classname="P1_static_record_schema_gap" time="0.0188614" status="run">
		<properties>
			<property name="cmake_labels" value="observation"/>
		</properties>
		<system-out>P1 observed the manual schema completeness boundary, not a verified reflection repair
</system-out>
	</testcase>
</testsuite>
