<?xml version="1.0" encoding="UTF-8"?>
<testsuite name="Win32-MSBuild"
	tests="72"
	failures="0"
	disabled="0"
	skipped="13"
	hostname="lizhidan-p02"
	time="69"
	timestamp="2026-09-10T00:17:15"
	>
	<testcase name="L01_templates_reference" classname="L01_templates_reference" time="0.443913" status="run">
		<properties>
			<property name="cmake_labels" value="reference"/>
		</properties>
		<system-out>L01_templates quantity checks OK
</system-out>
	</testcase>
	<testcase name="L01_templates_validation_good" classname="L01_templates_validation_good" time="0.425721" status="run">
		<properties>
			<property name="cmake_labels" value="validation"/>
		</properties>
		<system-out>L01_templates quantity checks OK
</system-out>
	</testcase>
	<testcase name="L01_templates_validation_bad_rejected" classname="L01_templates_validation_bad_rejected" time="0.459304" status="run">
		<properties>
			<property name="cmake_labels" value="negative"/>
		</properties>
		<system-out>-- Rejected the intended bad implementation: different units must not be addable
</system-out>
	</testcase>
	<testcase name="L01_templates_instantiation" classname="L01_templates_instantiation" time="0.424521" status="run">
		<properties>
			<property name="cmake_labels" value="observation"/>
		</properties>
		<system-out>L01_templates instantiation observation OK
</system-out>
	</testcase>
	<testcase name="L01_templates_extern_template" classname="L01_templates_extern_template" time="0.415716" status="run">
		<properties>
			<property name="cmake_labels" value="observation"/>
		</properties>
		<system-out>L01_templates extern template observation OK
</system-out>
	</testcase>
	<testcase name="L01_templates_missing_extern_provider" classname="L01_templates_missing_extern_provider" time="3.89187" status="run">
		<properties>
			<property name="cmake_labels" value="diagnostic"/>
		</properties>
		<system-out>PASS: missing explicit-instantiation provider must fail at link; F:\CPPTrain\LearnCPP\C04_Generic_CompileTime_Reflection\exercises\build\frontier\L01_templates\diag\missing\evidence-1.json
</system-out>
	</testcase>
	<testcase name="L02_deduction_reference" classname="L02_deduction_reference" time="0.408442" status="run">
		<properties>
			<property name="cmake_labels" value="reference"/>
		</properties>
		<system-out>L02_deduction checks OK
</system-out>
	</testcase>
	<testcase name="L02_deduction_validation_good" classname="L02_deduction_validation_good" time="0.4038" status="run">
		<properties>
			<property name="cmake_labels" value="validation"/>
		</properties>
		<system-out>L02_deduction checks OK
</system-out>
	</testcase>
	<testcase name="L02_deduction_validation_bad_rejected" classname="L02_deduction_validation_bad_rejected" time="0.44146" status="run">
		<properties>
			<property name="cmake_labels" value="negative"/>
		</properties>
		<system-out>-- Rejected the intended bad implementation: array reference must preserve extent
</system-out>
	</testcase>
	<testcase name="L02_deduction_decltype" classname="L02_deduction_decltype" time="0.424932" status="run">
		<properties>
			<property name="cmake_labels" value="observation"/>
		</properties>
		<system-out>L02_deduction decltype observation OK
</system-out>
	</testcase>
	<testcase name="L03_forwarding_reference" classname="L03_forwarding_reference" time="0.418249" status="run">
		<properties>
			<property name="cmake_labels" value="reference"/>
		</properties>
		<system-out>L03_forwarding checks OK
</system-out>
	</testcase>
	<testcase name="L03_forwarding_validation_good" classname="L03_forwarding_validation_good" time="0.414834" status="run">
		<properties>
			<property name="cmake_labels" value="validation"/>
		</properties>
		<system-out>L03_forwarding checks OK
</system-out>
	</testcase>
	<testcase name="L03_forwarding_validation_bad_rejected" classname="L03_forwarding_validation_bad_rejected" time="0.442401" status="run">
		<properties>
			<property name="cmake_labels" value="negative"/>
		</properties>
		<system-out>-- Rejected the intended bad implementation: invoke_preserving must keep lvalue argument category
</system-out>
	</testcase>
	<testcase name="L03_forwarding_counterexamples" classname="L03_forwarding_counterexamples" time="0.41105" status="run">
		<properties>
			<property name="cmake_labels" value="observation"/>
		</properties>
		<system-out>L03_forwarding counterexamples observation OK
</system-out>
	</testcase>
	<testcase name="L04_lookup_reference" classname="L04_lookup_reference" time="0.414607" status="run">
		<properties>
			<property name="cmake_labels" value="reference"/>
		</properties>
		<system-out>L04_lookup checks OK
</system-out>
	</testcase>
	<testcase name="L04_lookup_validation_good" classname="L04_lookup_validation_good" time="0.434613" status="run">
		<properties>
			<property name="cmake_labels" value="validation"/>
		</properties>
		<system-out>L04_lookup checks OK
</system-out>
	</testcase>
	<testcase name="L04_lookup_validation_bad_rejected" classname="L04_lookup_validation_bad_rejected" time="0.447876" status="run">
		<properties>
			<property name="cmake_labels" value="negative"/>
		</properties>
		<system-out>-- Rejected the intended bad implementation: no-route object must not satisfy c04_inspectable
</system-out>
	</testcase>
	<testcase name="L04_lookup_observation" classname="L04_lookup_observation" time="0.423545" status="run">
		<properties>
			<property name="cmake_labels" value="observation"/>
		</properties>
		<system-out>L04_lookup observation OK
</system-out>
	</testcase>
	<testcase name="L04_lookup_missing_typename" classname="L04_lookup_missing_typename" time="4.59225" status="run">
		<properties>
			<property name="cmake_labels" value="diagnostic"/>
		</properties>
		<system-out>PASS: expected semantic diagnostic with a normal nonzero compiler exit; F:\CPPTrain\LearnCPP\C04_Generic_CompileTime_Reflection\exercises\build\frontier\diagnostics\L04_lookup_missing_typename\evidence-1.json
</system-out>
	</testcase>
	<testcase name="L05_overload_reference" classname="L05_overload_reference" time="0.418829" status="run">
		<properties>
			<property name="cmake_labels" value="reference"/>
		</properties>
		<system-out>L05_overload checks OK
</system-out>
	</testcase>
	<testcase name="L05_overload_validation_good" classname="L05_overload_validation_good" time="0.433596" status="run">
		<properties>
			<property name="cmake_labels" value="validation"/>
		</properties>
		<system-out>L05_overload checks OK
</system-out>
	</testcase>
	<testcase name="L05_overload_validation_bad_rejected" classname="L05_overload_validation_bad_rejected" time="0.457988" status="run">
		<properties>
			<property name="cmake_labels" value="negative"/>
		</properties>
		<system-out>-- Rejected the intended bad implementation: string literal overload must keep the array extent
</system-out>
	</testcase>
	<testcase name="L05_overload_observation" classname="L05_overload_observation" time="0.426593" status="run">
		<properties>
			<property name="cmake_labels" value="observation"/>
		</properties>
		<system-out>L05_overload observation OK
</system-out>
	</testcase>
	<testcase name="L05_func_partial" classname="L05_func_partial" time="4.64403" status="run">
		<properties>
			<property name="cmake_labels" value="diagnostic"/>
		</properties>
		<system-out>PASS: expected semantic diagnostic with a normal nonzero compiler exit; F:\CPPTrain\LearnCPP\C04_Generic_CompileTime_Reflection\exercises\build\frontier\diagnostics\L05_func_partial\evidence-1.json
</system-out>
	</testcase>
	<testcase name="L05_body_error" classname="L05_body_error" time="4.58324" status="run">
		<properties>
			<property name="cmake_labels" value="diagnostic"/>
		</properties>
		<system-out>PASS: expected semantic diagnostic with a normal nonzero compiler exit; F:\CPPTrain\LearnCPP\C04_Generic_CompileTime_Reflection\exercises\build\frontier\diagnostics\L05_body_error\evidence-1.json
</system-out>
	</testcase>
	<testcase name="L06_constraints_reference" classname="L06_constraints_reference" time="0.408619" status="run">
		<properties>
			<property name="cmake_labels" value="reference"/>
		</properties>
		<system-out>L06_constraints checks OK
</system-out>
	</testcase>
	<testcase name="L06_constraints_validation_good" classname="L06_constraints_validation_good" time="0.420621" status="run">
		<properties>
			<property name="cmake_labels" value="validation"/>
		</properties>
		<system-out>L06_constraints checks OK
</system-out>
	</testcase>
	<testcase name="L06_constraints_validation_bad_rejected" classname="L06_constraints_validation_bad_rejected" time="0.460666" status="run">
		<properties>
			<property name="cmake_labels" value="negative"/>
		</properties>
		<system-out>-- Rejected the intended bad implementation: single-pass range must not satisfy stable_field_range
</system-out>
	</testcase>
	<testcase name="L06_constraints_observation" classname="L06_constraints_observation" time="0.421653" status="run">
		<properties>
			<property name="cmake_labels" value="observation"/>
		</properties>
		<system-out>L06_constraints observation OK
</system-out>
	</testcase>
	<testcase name="L06_non_dep" classname="L06_non_dep" time="4.521" status="run">
		<properties>
			<property name="cmake_labels" value="diagnostic"/>
		</properties>
		<system-out>PASS: expected semantic diagnostic with a normal nonzero compiler exit; F:\CPPTrain\LearnCPP\C04_Generic_CompileTime_Reflection\exercises\build\frontier\diagnostics\L06_non_dep\evidence-1.json
</system-out>
	</testcase>
	<testcase name="L07_packs_reference" classname="L07_packs_reference" time="0.407292" status="run">
		<properties>
			<property name="cmake_labels" value="reference"/>
		</properties>
		<system-out>L07_packs checks OK
</system-out>
	</testcase>
	<testcase name="L07_packs_validation_good" classname="L07_packs_validation_good" time="0.414001" status="run">
		<properties>
			<property name="cmake_labels" value="validation"/>
		</properties>
		<system-out>L07_packs checks OK
</system-out>
	</testcase>
	<testcase name="L07_packs_validation_bad_rejected" classname="L07_packs_validation_bad_rejected" time="0.436822" status="run">
		<properties>
			<property name="cmake_labels" value="negative"/>
		</properties>
		<system-out>-- Rejected the intended bad implementation: empty all fold identity must be true
</system-out>
	</testcase>
	<testcase name="L07_packs_observation" classname="L07_packs_observation" time="0.412298" status="run">
		<properties>
			<property name="cmake_labels" value="observation"/>
		</properties>
		<system-out>L07 pack observation OK
</system-out>
	</testcase>
	<testcase name="L08_type_lists_reference" classname="L08_type_lists_reference" time="4.02996" status="run">
		<properties>
			<property name="cmake_labels" value="reference"/>
		</properties>
		<system-out>L08_type_lists checks OK
</system-out>
	</testcase>
	<testcase name="L08_type_lists_validation_good" classname="L08_type_lists_validation_good" time="0.43186" status="run">
		<properties>
			<property name="cmake_labels" value="validation"/>
		</properties>
		<system-out>L08_type_lists checks OK
</system-out>
	</testcase>
	<testcase name="L08_type_lists_validation_bad_rejected" classname="L08_type_lists_validation_bad_rejected" time="3.46323" status="run">
		<properties>
			<property name="cmake_labels" value="negative"/>
		</properties>
		<system-out>-- Rejected the intended bad implementation: error and stopped signatures must survive value transform
</system-out>
	</testcase>
	<testcase name="L08_type_lists_observation" classname="L08_type_lists_observation" time="0.420818" status="run">
		<properties>
			<property name="cmake_labels" value="observation"/>
		</properties>
		<system-out>L08 type-list observation OK
</system-out>
	</testcase>
	<testcase name="L08_lazy_type_eager_bad" classname="L08_lazy_type_eager_bad" time="4.7124" status="run">
		<properties>
			<property name="cmake_labels" value="diagnostic"/>
		</properties>
		<system-out>PASS: expected semantic diagnostic with a normal nonzero compiler exit; F:\CPPTrain\LearnCPP\C04_Generic_CompileTime_Reflection\exercises\build\frontier\diagnostics\L08_lazy_type_eager_bad\evidence-1.json
</system-out>
	</testcase>
	<testcase name="L09_tuple_reference" classname="L09_tuple_reference" time="0.415011" status="run">
		<properties>
			<property name="cmake_labels" value="reference"/>
		</properties>
		<system-out>L09_tuple checks OK
</system-out>
	</testcase>
	<testcase name="L09_tuple_validation_good" classname="L09_tuple_validation_good" time="0.420248" status="run">
		<properties>
			<property name="cmake_labels" value="validation"/>
		</properties>
		<system-out>L09_tuple checks OK
</system-out>
	</testcase>
	<testcase name="L09_tuple_validation_bad_rejected" classname="L09_tuple_validation_bad_rejected" time="0.44204" status="run">
		<properties>
			<property name="cmake_labels" value="negative"/>
		</properties>
		<system-out>-- Rejected the intended bad implementation: tuple traversal must preserve left-to-right order
</system-out>
	</testcase>
	<testcase name="L09_tuple_observation" classname="L09_tuple_observation" time="0.411299" status="run">
		<properties>
			<property name="cmake_labels" value="observation"/>
		</properties>
		<system-out>L09 tuple observation OK
</system-out>
	</testcase>
	<testcase name="L10_constexpr_reference" classname="L10_constexpr_reference" time="0.416425" status="run">
		<properties>
			<property name="cmake_labels" value="reference"/>
		</properties>
		<system-out>L10_constexpr checks OK
</system-out>
	</testcase>
	<testcase name="L10_constexpr_validation_good" classname="L10_constexpr_validation_good" time="0.419351" status="run">
		<properties>
			<property name="cmake_labels" value="validation"/>
		</properties>
		<system-out>L10_constexpr checks OK
</system-out>
	</testcase>
	<testcase name="L10_constexpr_validation_bad_rejected" classname="L10_constexpr_validation_bad_rejected" time="0.442001" status="run">
		<properties>
			<property name="cmake_labels" value="negative"/>
		</properties>
		<system-out>-- Rejected the intended bad implementation: if consteval branch must distinguish runtime calls
</system-out>
	</testcase>
	<testcase name="L10_constexpr_observation" classname="L10_constexpr_observation" time="0.425264" status="run">
		<properties>
			<property name="cmake_labels" value="observation"/>
		</properties>
		<system-out>L10 constexpr observation OK
</system-out>
	</testcase>
	<testcase name="L10_invalid_digit_diagnostic" classname="L10_invalid_digit_diagnostic" time="5.0294" status="run">
		<properties>
			<property name="cmake_labels" value="diagnostic"/>
		</properties>
		<system-out>PASS: expected semantic diagnostic with a normal nonzero compiler exit; F:\CPPTrain\LearnCPP\C04_Generic_CompileTime_Reflection\exercises\build\frontier\diagnostics\L10_invalid_digit_diagnostic\evidence-1.json
</system-out>
	</testcase>
	<testcase name="L11_customization_reference" classname="L11_customization_reference" time="0.416938" status="run">
		<properties>
			<property name="cmake_labels" value="reference"/>
		</properties>
		<system-out>L11_customization read_value checks OK
</system-out>
	</testcase>
	<testcase name="L11_customization_validation_good" classname="L11_customization_validation_good" time="0.422027" status="run">
		<properties>
			<property name="cmake_labels" value="validation"/>
		</properties>
		<system-out>L11_customization read_value checks OK
</system-out>
	</testcase>
	<testcase name="L11_customization_validation_bad_rejected" classname="L11_customization_validation_bad_rejected" time="0.45426" status="run">
		<properties>
			<property name="cmake_labels" value="negative"/>
		</properties>
		<system-out>-- Rejected the intended bad implementation: no-path object must not satisfy c04_readable
</system-out>
	</testcase>
	<testcase name="L11_customization_baseline" classname="L11_customization_baseline" time="4.0369" status="run">
		<properties>
			<property name="cmake_labels" value="observation"/>
		</properties>
		<system-out>L11_customization baseline observation OK
</system-out>
	</testcase>
	<testcase name="L11_customization_counterexamples" classname="L11_customization_counterexamples" time="0.43391" status="run">
		<properties>
			<property name="cmake_labels" value="observation"/>
		</properties>
		<system-out>L11_customization counterexamples observation OK
</system-out>
	</testcase>
	<testcase name="B01_compile_cost_contracts" classname="B01_compile_cost_contracts" time="0.419459" status="run">
		<properties>
			<property name="cmake_labels" value="observation"/>
		</properties>
		<system-out></system-out>
	</testcase>
	<testcase name="P1_static_record_reference" classname="P1_static_record_reference" time="0.424781" status="run">
		<properties>
			<property name="cmake_labels" value="reference"/>
		</properties>
		<system-out>P1 static record contract passed
</system-out>
	</testcase>
	<testcase name="P1_static_record_validation_good" classname="P1_static_record_validation_good" time="0.414705" status="run">
		<properties>
			<property name="cmake_labels" value="validation"/>
		</properties>
		<system-out>P1 static record contract passed
</system-out>
	</testcase>
	<testcase name="P1_static_record_validation_bad_rejected" classname="P1_static_record_validation_bad_rejected" time="0.446423" status="run">
		<properties>
			<property name="cmake_labels" value="negative"/>
		</properties>
		<system-out>-- Rejected the intended bad implementation: encoded fields cover the complete schema in declaration order
</system-out>
	</testcase>
	<testcase name="P1_static_record_known_baseline" classname="P1_static_record_known_baseline" time="0.420687" status="run">
		<properties>
			<property name="cmake_labels" value="observation"/>
		</properties>
		<system-out>P1 known-type encoding baseline passed
</system-out>
	</testcase>
	<testcase name="P1_static_record_schema_gap" classname="P1_static_record_schema_gap" time="0.416949" status="run">
		<properties>
			<property name="cmake_labels" value="observation"/>
		</properties>
		<system-out>P1 observed the manual schema completeness boundary, not a verified reflection repair
</system-out>
	</testcase>
	<testcase name="P1_static_record_reflection" classname="P1_static_record_reflection" time="0.414186" status="notrun">
		<skipped message="SKIP_RETURN_CODE=77"/>
		<properties>
			<property name="cmake_labels" value="capability"/>
		</properties>
		<system-out>SKIP P1 real reflection: meta header=0 reflection=absent expansion=absent; real backend not compiled or run
</system-out>
	</testcase>
	<testcase name="F01_reflection_query" classname="F01_reflection_query" time="0.417899" status="notrun">
		<skipped message="SKIP_RETURN_CODE=77"/>
		<properties>
			<property name="cmake_labels" value="capability"/>
		</properties>
		<system-out>probe=reflection_query header=0 macro=0 body=0
SKIP reflection query: missing &lt;meta&gt; or explicit reflection syntax macro
</system-out>
	</testcase>
	<testcase name="F01_splicing_generation" classname="F01_splicing_generation" time="0.419241" status="notrun">
		<skipped message="SKIP_RETURN_CODE=77"/>
		<properties>
			<property name="cmake_labels" value="capability"/>
		</properties>
		<system-out>probe=splicing_generation header=0 macro=0 body=0
SKIP splicing: missing &lt;meta&gt; or explicit splicing syntax macro
</system-out>
	</testcase>
	<testcase name="F01_annotations" classname="F01_annotations" time="0.417362" status="notrun">
		<skipped message="SKIP_RETURN_CODE=77"/>
		<properties>
			<property name="cmake_labels" value="capability"/>
		</properties>
		<system-out>probe=annotations header=0 macro=0 body=0
SKIP annotations: missing &lt;meta&gt; or explicit annotation syntax macro
</system-out>
	</testcase>
	<testcase name="F01_expansion_statement" classname="F01_expansion_statement" time="0.406601" status="notrun">
		<skipped message="SKIP_RETURN_CODE=77"/>
		<properties>
			<property name="cmake_labels" value="capability"/>
		</properties>
		<system-out>probe=expansion_statement header=na macro=0 body=0
SKIP expansion statements: __cpp_expansion_statements &lt; 202506L
</system-out>
	</testcase>
	<testcase name="F01_define_static" classname="F01_define_static" time="0.410388" status="notrun">
		<skipped message="SKIP_RETURN_CODE=77"/>
		<properties>
			<property name="cmake_labels" value="capability"/>
		</properties>
		<system-out>probe=define_static header=0 macro=0 body=0
SKIP define_static: missing &lt;meta&gt; or __cpp_lib_define_static
</system-out>
	</testcase>
	<testcase name="F01_define_aggregate" classname="F01_define_aggregate" time="0.434095" status="notrun">
		<skipped message="SKIP_RETURN_CODE=77"/>
		<properties>
			<property name="cmake_labels" value="capability"/>
		</properties>
		<system-out>probe=define_aggregate header=0 macro=0 body=0
SKIP define_aggregate: missing &lt;meta&gt; or explicit aggregate generation macro
</system-out>
	</testcase>
	<testcase name="F01_pack_indexing" classname="F01_pack_indexing" time="0.418573" status="notrun">
		<skipped message="SKIP_RETURN_CODE=77"/>
		<properties>
			<property name="cmake_labels" value="capability"/>
		</properties>
		<system-out>probe=pack_indexing header=na macro=0 body=0
SKIP pack indexing: __cpp_pack_indexing &lt; 202311L
</system-out>
	</testcase>
	<testcase name="F01_fold_constraints" classname="F01_fold_constraints" time="0.430785" status="notrun">
		<skipped message="SKIP_RETURN_CODE=77"/>
		<properties>
			<property name="cmake_labels" value="capability"/>
		</properties>
		<system-out>probe=fold_constraints header=na macro=201603 body=0
SKIP fold expanded constraints: compile probe did not prove P2963R3 behavior
</system-out>
	</testcase>
	<testcase name="F01_constexpr_exceptions" classname="F01_constexpr_exceptions" time="0.417704" status="notrun">
		<skipped message="SKIP_RETURN_CODE=77"/>
		<properties>
			<property name="cmake_labels" value="capability"/>
		</properties>
		<system-out>probe=constexpr_exceptions header=na macro=0 body=0
SKIP constexpr exceptions: __cpp_constexpr_exceptions &lt; 202411L
</system-out>
	</testcase>
	<testcase name="F01_c29_template_name_pack_indexing" classname="F01_c29_template_name_pack_indexing" time="0.416489" status="notrun">
		<skipped message="SKIP_RETURN_CODE=77"/>
		<properties>
			<property name="cmake_labels" value="capability"/>
		</properties>
		<system-out>probe=c29_template_name_pack_indexing header=na macro=0 body=0
SKIP C++29 template-name pack indexing: no explicit implementation marker
</system-out>
	</testcase>
	<testcase name="F01_consteval_only_values" classname="F01_consteval_only_values" time="0.418283" status="notrun">
		<skipped message="SKIP_RETURN_CODE=77"/>
		<properties>
			<property name="cmake_labels" value="capability"/>
		</properties>
		<system-out>probe=consteval_only_values header=0 macro=0 body=0
SKIP consteval-only values: missing &lt;meta&gt; or __cpp_consteval DR marker
</system-out>
	</testcase>
	<testcase name="F01_attributes_reflection_proposal" classname="F01_attributes_reflection_proposal" time="0.418906" status="notrun">
		<skipped message="SKIP_RETURN_CODE=77"/>
		<properties>
			<property name="cmake_labels" value="capability"/>
		</properties>
		<system-out>probe=attributes_reflection header=0 macro=0 body=0
SKIP attributes reflection: P3385R8 is a proposal and no implementation marker is set
</system-out>
	</testcase>
</testsuite>
