<?xml version="1.0" encoding="UTF-8"?>
<testsuite name="Linux-clang++-18"
	tests="61"
	failures="2"
	disabled="0"
	skipped="7"
	hostname="lizhidan-p02"
	time="123"
	timestamp="2026-09-10T16:35:13"
	>
	<testcase name="A1_jthread_lifecycle_reference" classname="A1_jthread_lifecycle_reference" time="0.0207647" status="run">
		<properties>
			<property name="cmake_labels" value="reference"/>
		</properties>
		<system-out>Part 1: worker result=42 -&gt; join returned; second join rejected
Part 2: association moved; scope ended after result=7
Part 3: destructor requests stop -&gt; worker observes -&gt; scope returns
Part 4: copy result=11/original=10; ref original=11; move result=42
A1_reference OK
</system-out>
	</testcase>
	<testcase name="A2_stop_token_cancellation_reference" classname="A2_stop_token_cancellation_reference" time="0.0198291" status="run">
		<properties>
			<property name="cmake_labels" value="reference"/>
		</properties>
		<system-out>SKIP inplace_stop_token: capability unavailable; C++23 baseline checked
A2 OK: polling, shared state, callbacks, callback lifetime
</system-out>
	</testcase>
	<testcase name="A3_thread_exception_reference" classname="A3_thread_exception_reference" time="0.0176368" status="run">
		<properties>
			<property name="cmake_labels" value="reference"/>
		</properties>
		<system-out>Part 1: joined -&gt; value 42
Part 1: joined -&gt; original failure rethrown
Part 2: get returns 42
Part 2: get rethrows failure
Part 3: abandoned provider -&gt; broken_promise
A3_reference OK
</system-out>
	</testcase>
	<testcase name="B1_mutex_family_reference" classname="B1_mutex_family_reference" time="0.0326869" status="run">
		<properties>
			<property name="cmake_labels" value="reference"/>
		</properties>
		<system-out>B1 OK: counter, shared invariant, lock ownership, timed/recursive
</system-out>
	</testcase>
	<testcase name="B2_deadlock_scoped_lock_reference" classname="B2_deadlock_scoped_lock_reference" time="0.0208" status="run">
		<properties>
			<property name="cmake_labels" value="reference"/>
		</properties>
		<system-out>B2 OK: scoped_lock, adopt_lock, total order, self-transfer
</system-out>
	</testcase>
	<testcase name="B3_call_once_reference" classname="B3_call_once_reference" time="120.101" status="fail">
		<failure message="Timeout"/>
		<properties>
			<property name="cmake_labels" value="reference"/>
		</properties>
		<system-out></system-out>
	</testcase>
	<testcase name="C1_condvar_predicate_reference" classname="C1_condvar_predicate_reference" time="0.0229047" status="run">
		<properties>
			<property name="cmake_labels" value="reference"/>
		</properties>
		<system-out>C1 OK: early state, broadcast, unrelated notify, deadline predicates
</system-out>
	</testcase>
	<testcase name="C2_bounded_queue_condvar_reference" classname="C2_bounded_queue_condvar_reference" time="0.0868208" status="run">
		<properties>
			<property name="cmake_labels" value="reference"/>
		</properties>
		<system-out>C2 OK: capacity=1, FIFO, MPMC IDs, move-only, close/drain
</system-out>
	</testcase>
	<testcase name="C3_interruptible_wait_reference" classname="C3_interruptible_wait_reference" time="0.0144554" status="run">
		<properties>
			<property name="cmake_labels" value="reference"/>
		</properties>
		<system-out>C3 OK: data, cancellation, pre-stop, data/stop priority, timeout, close
</system-out>
	</testcase>
	<testcase name="Capstone1_thread_pool_reference" classname="Capstone1_thread_pool_reference" time="0.0367495" status="run">
		<properties>
			<property name="cmake_labels" value="reference"/>
		</properties>
		<system-out>thread_pool OK: asynchronous, futures, capacity=1, drain, shutdown, ownership
</system-out>
	</testcase>
	<testcase name="Capstone2_lockfree_queue_reference" classname="Capstone2_lockfree_queue_reference" time="0.221772" status="run">
		<properties>
			<property name="cmake_labels" value="reference"/>
		</properties>
		<system-out>capacity=2 atomics lock-free=1
capacity=4 atomics lock-free=1
capacity=64 atomics lock-free=1
Capstone2 OK: capacity, batch, MPSC/SPMC/MPMC IDs, reservation gap, wrap model
</system-out>
	</testcase>
	<testcase name="Capstone3_parallel_compute_reference" classname="Capstone3_parallel_compute_reference" time="0.0282988" status="run">
		<properties>
			<property name="cmake_labels" value="reference"/>
		</properties>
		<system-out>suite,variant,size,threads,milliseconds,completed,details
"cap3_gemm","naive",7,1,0.00159,49,"C overwrite/zeroing and worker lifecycle included; block=16; FLOP=2*n^3; caller=1; workers=0; threads counts workers when nonzero, otherwise caller (backend unknown=0)"
"cap3_gemm","tiled",7,1,0.00462,49,"C overwrite/zeroing and worker lifecycle included; block=16; FLOP=2*n^3; caller=1; workers=0; threads counts workers when nonzero, otherwise caller (backend unknown=0)"
"cap3_gemm","threaded",7,2,0.264749,49,"C overwrite/zeroing and worker lifecycle included; block=16; FLOP=2*n^3; caller=1; workers=2; threads counts workers when nonzero, otherwise caller (backend unknown=0)"
"cap3_gemm","par",7,0,0.00754,49,"C overwrite/zeroing and worker lifecycle included; block=16; FLOP=2*n^3; caller=1; workers=unmeasured; threads counts workers when nonzero, otherwise caller (backend unknown=0)"
"cap3_gemm","sse2",7,1,0.00213,49,"C overwrite/zeroing and worker lifecycle included; block=16; FLOP=2*n^3; caller=1; workers=0; thread...
[This part of the test output was removed since it exceeds the threshold of 1024 bytes.]
</system-out>
	</testcase>
	<testcase name="D1_promise_future_reference" classname="D1_promise_future_reference" time="0.0198148" status="run">
		<properties>
			<property name="cmake_labels" value="reference"/>
		</properties>
		<system-out>Part 1: published input=21; get=42
Part 2: published input=21; get rethrows calculation_failure
Part 3: consumers[0..2]=100; repeated shared get succeeds
Part 4: early return -&gt; broken_promise; void event consumed
D1_reference OK
</system-out>
	</testcase>
	<testcase name="D2_async_policies_reference" classname="D2_async_policies_reference" time="0.0197351" status="run">
		<properties>
			<property name="cmake_labels" value="reference"/>
		</properties>
		<system-out>Part 1: explicit deferred=caller, explicit async=other; default status=ready, default thread=140737293313728
Part 2: temporary finishes each iteration; retained batch submits 3 before completion
Part 3: non-last returns; last async release joins; ordinary/deferred do not wait for work
Part 4: both policies store exceptions; get rethrows
D2_reference OK
</system-out>
	</testcase>
	<testcase name="D3_packaged_task_reference" classname="D3_packaged_task_reference" time="0.0191762" status="run">
		<properties>
			<property name="cmake_labels" value="reference"/>
		</properties>
		<system-out>Part 1: same task abstraction, caller or worker selected by invocation
Parts 2/3: 7 queued, 7 executed; int/string results, job 3 exception
Part 4: repeated invocation rejected; discarded task -&gt; broken_promise
Part 5: pending at close=0, executed IDs:; rejected=broken_promise; release=value
Part 5: pending at close=4, executed IDs: 0 1 2 3; rejected=broken_promise; release=value
Part 5: pending at close=4, executed IDs: 0 1 2 3; rejected=broken_promise; release=abandoned
D3_reference OK
</system-out>
	</testcase>
	<testcase name="E1_atomic_basics_reference" classname="E1_atomic_basics_reference" time="0.0245822" status="run">
		<properties>
			<property name="cmake_labels" value="reference"/>
		</properties>
		<system-out>atomic&lt;int&gt;: runtime lock-free=1, always=1
E1_reference OK: split/RMW, operations, flag lock
</system-out>
	</testcase>
	<testcase name="E2_atomic_ref_reference" classname="E2_atomic_ref_reference" time="0.0177191" status="run">
		<properties>
			<property name="cmake_labels" value="reference"/>
		</properties>
		<system-out>required_alignment=4, alignof(int)=4, lock-free=1
E2_reference OK: per-element alignment and access phases
</system-out>
	</testcase>
	<testcase name="E3_cas_loop_reference" classname="E3_cas_loop_reference" time="0.0189538" status="run">
		<properties>
			<property name="cmake_labels" value="reference"/>
		</properties>
		<system-out>SKIP native C++26 fetch_min/max: lane disabled or probe not passed; see CONCURRENCY_STUDY_ENABLE_CXX26 and capabilities log
E3_reference OK: expected, max, checked multiply
</system-out>
	</testcase>
	<testcase name="F01_thread_attributes_reference" classname="F01_thread_attributes_reference" time="0.0154363" status="notrun">
		<skipped message="SKIP_RETURN_CODE=77"/>
		<properties>
			<property name="cmake_labels" value="reference"/>
		</properties>
		<system-out>SKIP: CS_HAS_STD_THREAD_ATTRIBUTES=0; C++29 thread attributes unavailable
</system-out>
	</testcase>
	<testcase name="F02_hazard_pointer_batches_reference" classname="F02_hazard_pointer_batches_reference" time="0.0151924" status="notrun">
		<skipped message="SKIP_RETURN_CODE=77"/>
		<properties>
			<property name="cmake_labels" value="reference"/>
		</properties>
		<system-out>SKIP: CS_HAS_STD_HAZARD_POINTER_BATCH=0; C++29 hazard pointer batch unavailable
</system-out>
	</testcase>
	<testcase name="F03_std_senders_reference" classname="F03_std_senders_reference" time="0.0149885" status="notrun">
		<skipped message="SKIP_RETURN_CODE=77"/>
		<properties>
			<property name="cmake_labels" value="native;reference"/>
		</properties>
		<system-out>SKIP: CS_HAS_STD_SENDERS=0; native standard sender unavailable
</system-out>
	</testcase>
	<testcase name="F03_std_hazard_pointer_reference" classname="F03_std_hazard_pointer_reference" time="0.0152556" status="notrun">
		<skipped message="SKIP_RETURN_CODE=77"/>
		<properties>
			<property name="cmake_labels" value="native;reference"/>
		</properties>
		<system-out>SKIP: CS_HAS_STD_HAZARD_POINTER=0; native standard hazard_pointer unavailable
</system-out>
	</testcase>
	<testcase name="F03_std_rcu_reference" classname="F03_std_rcu_reference" time="0.0155413" status="notrun">
		<skipped message="SKIP_RETURN_CODE=77"/>
		<properties>
			<property name="cmake_labels" value="native;reference"/>
		</properties>
		<system-out>SKIP: CS_HAS_STD_RCU=0; native standard rcu unavailable
</system-out>
	</testcase>
	<testcase name="F1_release_acquire_reference" classname="F1_release_acquire_reference" time="0.0131301" status="run">
		<properties>
			<property name="cmake_labels" value="reference"/>
		</properties>
		<system-out>F1_reference OK: direct publication and RMW relay
</system-out>
	</testcase>
	<testcase name="F2_relaxed_counter_reference" classname="F2_relaxed_counter_reference" time="0.286295" status="run">
		<properties>
			<property name="cmake_labels" value="reference"/>
		</properties>
		<system-out>F2_reference OK: total=8000, relaxed stale=0, RA stale=0
</system-out>
	</testcase>
	<testcase name="F3_seqcst_fence_reference" classname="F3_seqcst_fence_reference" time="0.674821" status="fail">
		<failure message="Failed"/>
		<properties>
			<property name="cmake_labels" value="reference"/>
		</properties>
		<system-out>/usr/bin/llvm-symbolizer-18: error: '[stack]': No such file or directory
==================
WARNING: ThreadSanitizer: data race (pid=721)
  Read of size 4 at 0x7fffffffdb7c by main thread:
    #0 fence_publication(int) /root/learncpp-c08-src/baseline-20260910-162842-fc6bb723/C08_Concurrency/exercises/F3_seqcst_fence/solution.cpp:64:26 (F3_seqcst_fence_reference+0xe3cd9) (BuildId: 16683797eb70d11e989aa13aed445db120f79970)
    #1 main /root/learncpp-c08-src/baseline-20260910-162842-fc6bb723/C08_Concurrency/exercises/F3_seqcst_fence/solution.cpp:75:42 (F3_seqcst_fence_reference+0xe4129) (BuildId: 16683797eb70d11e989aa13aed445db120f79970)

  Previous write of size 4 at 0x7fffffffdb7c by thread T7:
    #0 fence_publication(int)::$_0::operator()() const /root/learncpp-c08-src/baseline-20260910-162842-fc6bb723/C08_Concurrency/exercises/F3_seqcst_fence/solution.cpp:57:14 (F3_seqcst_fence_reference+0xe4efd) (BuildId: 16683797eb70d11e989aa13aed445db120f79970)
    #1 void std::__invoke_impl&lt;void, fence_publication(int)::$_0&gt;(std::__invoke_other, fence_publication(int)::$_0&amp;&amp;) /usr/bin/../lib/gcc/x86_64-linux-gnu/13/../../../../include/c++/13/bits/invoke.h:61:14 (F3_seqcst_fence_reference+0xe4efd)
    #2 std::__invoke_result&lt;fence_publication(int)::$_0&gt;::type std::__invoke&lt;fence_publication(int)::$_0&gt;(fence_publication(int)::$_0&amp;&amp;) /usr/bin/../lib/gcc/x86_64-linux-gnu/13/../../../../include/c++/13/bits/invoke.h:96:14 (F3_seqcst_fence_reference+0xe4efd)
    #3 void std::thread::_Invoker&lt;std::tuple&lt;fence_publication(int)::$_0&gt;&gt;::_M_invoke&lt;0ul&gt;(std::_Index_tuple&lt;0ul&gt;) /usr/bin/../lib/gcc/x86_64-linux-gnu/13/../../../../include/c++/13/bits/std_thread.h:292:13 (F3_seqcst_fence_reference+0xe4efd)
    #4 std::thread::_Invoker&lt;std::tuple&lt;fence_publication(int)::$_0&gt;&gt;::operator()() /usr/bin/../lib/gcc/x86_64-linux-gnu/13/../../../../include/c++/13/bits/std_thread.h:299:11 (F3_seqcst_fence_reference+0xe4efd)
    #5 std::__future_base::_Task_setter&lt;std::unique_ptr&lt;std::__future_base::_Result&lt;void&gt;, std::__future_base::_Result_base::_Deleter&gt;, std::thread::_Invoker&lt;std::tuple&lt;fence_publication(int)::$_0&gt;&gt;, void&gt;::operator()() const /usr/bin/../lib/gcc/x86_64-linux-gnu/13/../../../../include/c++/13/future:1432:6 (F3_seqcst_fence_reference+0xe4efd)
    #6 std::unique_ptr&lt;std::__future_base::_Result&lt;void&gt;, std::__future_base::_Result_base::_Deleter&gt; std::__invoke_impl&lt;std::unique_ptr&lt;std::__future_base::_Result&lt;void&gt;, std::__future_base::_Result_base::_Deleter&gt;, std::__future_base::_Task_setter&lt;std::unique_ptr&lt;std::__future_base::_Result&lt;void&gt;, std::__future_base::_Result_base::_Deleter&gt;, std::thread::_Invoker&lt;std::tuple&lt;fence_publication(int)::$_0&gt;&gt;, void&gt;&amp;&gt;(std::__invoke_other, std::__future_base::_Task_setter&lt;std::unique_ptr&lt;std::__future_base::_Result&lt;void&gt;, std::__future_base::_Result_base::_Deleter&gt;, std::thread::_Invoker&lt;std::tuple&lt;fence_publication(int)::$_0&gt;&gt;, void&gt;&amp;) /usr/bin/../lib/gcc/x86_64-linux-gnu/13/../../../../include/c++/13/bits/invoke.h:61:14 (F3_seqcst_fence_reference+0xe4efd)
    #7 std::enable_if&lt;is_invocable_r_v&lt;std::unique_ptr&lt;std::__future_base::_Result_base, std::__future_base::_Result_base::_Deleter&gt;, std::__future_base::_Task_setter&lt;std::unique_ptr&lt;std::__future_base::_Result&lt;void&gt;, std::__future_base::_Result_base::_Deleter&gt;, std::thread::_Invoker&lt;std::tuple&lt;fence_publication(int)::$_0&gt;&gt;, void&gt;&amp;&gt;, std::unique_ptr&lt;std::__future_base::_Result_base, std::__future_base::_Result_base::_Deleter&gt;&gt;::type std::__invoke_r&lt;std::unique_ptr&lt;std::__future_base::_Result_base, std::__future_base::_Result_base::_Deleter&gt;, std::__future_base::_Task_setter&lt;std::unique_ptr&lt;std::__future_base::_Result&lt;void&gt;, std::__future_base::_Result_base::_Deleter&gt;, std::thread::_Invoker&lt;std::tuple&lt;fence_publication(int)::$_0&gt;&gt;, void&gt;&amp;&gt;(std::__future_base::_Task_setter&lt;std::unique_ptr&lt;std::__future_base::_Result&lt;void&gt;, std::__future_base::_Result_base::_Deleter&gt;, std::thread::_Invoker&lt;std::tuple&lt;fence_publication(int)::$_0&gt;&gt;, void&gt;&amp;) /usr/bin/../lib/gcc/x86_64-linux-gnu/13/../../../../include/c++/13/bits/invoke.h:114:9 (F3_seqcst_fence_reference+0xe4efd)
    #8 std::_Function_handler&lt;std::unique_ptr&lt;std::__future_base::_Result_base, std::__future_base::_Result_base::_Deleter&gt; (), std::__future_base::_Task_setter&lt;std::unique_ptr&lt;std::__future_base::_Result&lt;void&gt;, std::__future_base::_Result_base::_Deleter&gt;, std::thread::_Invoker&lt;std::tuple&lt;fence_publication(int)::$_0&gt;&gt;, void&gt;&gt;::_M_invoke(std::_Any_data const&amp;) /usr/bin/../lib/gcc/x86_64-linux-gnu/13/../../../../include/c++/13/bits/std_function.h:290:9 (F3_seqcst_fence_reference+0xe4efd)
    #9 std::function&lt;std::unique_ptr&lt;std::__future_base::_Result_base, std::__future_base::_Result_base::_Deleter&gt; ()&gt;::operator()() const /usr/bin/../lib/gcc/x86_64-linux-gnu/13/../../../../include/c++/13/bits/std_function.h:591:9 (F3_seqcst_fence_reference+0xe654f) (BuildId: 16683797eb70d11e989aa13aed445db120f79970)
    #10 std::__future_base::_State_baseV2::_M_do_set(std::function&lt;std::unique_ptr&lt;std::__future_base::_Result_base, std::__future_base::_Result_base::_Deleter&gt; ()&gt;*, bool*) /usr/bin/../lib/gcc/x86_64-linux-gnu/13/../../../../include/c++/13/future:589:27 (F3_seqcst_fence_reference+0xe654f)
    #11 void std::__invoke_impl&lt;void, void (std::__future_base::_State_baseV2::*)(std::function&lt;std::unique_ptr&lt;std::__future_base::_Result_base, std::__future_base::_Result_base::_Deleter&gt; ()&gt;*, bool*), std::__future_base::_State_baseV2*, std::function&lt;std::unique_ptr&lt;std::__future_base::_Result_base, std::__future_base::_Result_base::_Deleter&gt; ()&gt;*, bool*&gt;(std::__invoke_memfun_deref, void (std::__future_base::_State_baseV2::*&amp;&amp;)(std::function&lt;std::unique_ptr&lt;std::__future_base::_Result_base, std::__future_base::_Result_base::_Deleter&gt; ()&gt;*, bool*), std::__future_base::_State_baseV2*&amp;&amp;, std::function&lt;std::unique_ptr&lt;std::__future_base::_Result_base, std::__future_base::_Result_base::_Deleter&gt; ()&gt;*&amp;&amp;, bool*&amp;&amp;) /usr/bin/../lib/gcc/x86_64-linux-gnu/13/../../../../include/c++/13/bits/invoke.h:74:14 (F3_seqcst_fence_reference+0xe667f) (BuildId: 16683797eb70d11e989aa13aed445db120f79970)
    #12 std::__invoke_result&lt;void (std::__future_base::_State_baseV2::*)(std::function&lt;std::unique_ptr&lt;std::__future_base::_Result_base, std::__future_base::_Result_base::_Deleter&gt; ()&gt;*, bool*), std::__future_base::_State_baseV2*, std::function&lt;std::unique_ptr&lt;std::__future_base::_Result_base, std::__future_base::_Result_base::_Deleter&gt; ()&gt;*, bool*&gt;::type std::__invoke&lt;void (std::__future_base::_State_baseV2::*)(std::function&lt;std::unique_ptr&lt;std::__future_base::_Result_base, std::__future_base::_Result_base::_Deleter&gt; ()&gt;*, bool*), std::__future_base::_State_baseV2*, std::function&lt;std::unique_ptr&lt;std::__future_base::_Result_base, std::__future_base::_Result_base::_Deleter&gt; ()&gt;*, bool*&gt;(void (std::__future_base::_State_baseV2::*&amp;&amp;)(std::function&lt;std::unique_ptr&lt;std::__future_base::_Result_base, std::__future_base::_Result_base::_Deleter&gt; ()&gt;*, bool*), std::__future_base::_State_baseV2*&amp;&amp;, std::function&lt;std::unique_ptr&lt;std::__future_base::_Result_base, std::__future_base::_Result_base::_Deleter&gt; ()&gt;*&amp;&amp;, bool*&amp;&amp;) /usr/bin/../lib/gcc/x86_64-linux-gnu/13/../../../../include/c++/13/bits/invoke.h:96:14 (F3_seqcst_fence_reference+0xe667f)
    #13 void std::call_once&lt;void (std::__future_base::_State_baseV2::*)(std::function&lt;std::unique_ptr&lt;std::__future_base::_Result_base, std::__future_base::_Result_base::_Deleter&gt; ()&gt;*, bool*), std::__future_base::_State_baseV2*, std::function&lt;std::unique_ptr&lt;std::__future_base::_Result_base, std::__future_base::_Result_base::_Deleter&gt; ()&gt;*, bool*&gt;(std::once_flag&amp;, void (std::__future_base::_State_baseV2::*&amp;&amp;)(std::function&lt;std::unique_ptr&lt;std::__future_base::_Result_base, std::__future_base::_Result_base::_Deleter&gt; ()&gt;*, bool*), std::__future_base::_State_baseV2*&amp;&amp;, std::function&lt;std::unique_ptr&lt;std::__future_base::_Result_base, std::__future_base::_Result_base::_Deleter&gt; ()&gt;*&amp;&amp;, bool*&amp;&amp;)::'lambda'()::operator()() const /usr/bin/../lib/gcc/x86_64-linux-gnu/13/../../../../include/c++/13/mutex:900:4 (F3_seqcst_fence_reference+0xe667f)
    #14 std::once_flag::_Prepare_execution::_Prepare_execution&lt;void std::call_once&lt;void (std::__future_base::_State_baseV2::*)(std::function&lt;std::unique_ptr&lt;std::__future_base::_Result_base, std::__future_base::_Result_base::_Deleter&gt; ()&gt;*, bool*), std::__future_base::_State_baseV2*, std::function&lt;std::unique_ptr&lt;std::__future_base::_Result_base, std::__future_base::_Result_base::_Deleter&gt; ()&gt;*, bool*&gt;(std::once_flag&amp;, void (std::__future_base::_State_baseV2::*&amp;&amp;)(std::function&lt;std::unique_ptr&lt;std::__future_base::_Result_base, std::__future_base::_Result_base::_Deleter&gt; ()&gt;*, bool*), std::__future_base::_State_baseV2*&amp;&amp;, std::function&lt;std::unique_ptr&lt;std::__future_base::_Result_base, std::__future_base::_Result_base::_Deleter&gt; ()&gt;*&amp;&amp;, bool*&amp;&amp;)::'lambda'()&gt;(void (std::__future_base::_State_baseV2::*&amp;)(std::function&lt;std::unique_ptr&lt;std::__future_base::_Result_base, std::__future_base::_Result_base::_Deleter&gt; ()&gt;*, bool*))::'lambda'()::operator()() const /usr/bin/../lib/gcc/x86_64-linux-gnu/13/../../../../include/c++/13/mutex:836:21 (F3_seqcst_fence_reference+0xe667f)
    #15 std::once_flag::_Prepare_execution::_Prepare_execution&lt;void std::call_once&lt;void (std::__future_base::_State_baseV2::*)(std::function&lt;std::unique_ptr&lt;std::__future_base::_Result_base, std::__future_base::_Result_base::_Deleter&gt; ()&gt;*, bool*), std::__future_base::_State_baseV2*, std::function&lt;std::unique_ptr&lt;std::__future_base::_Result_base, std::__future_base::_Result_base::_Deleter&gt; ()&gt;*, bool*&gt;(std::once_flag&amp;, void (std::__future_base::_State_baseV2::*&amp;&amp;)(std::function&lt;std::unique_ptr&lt;std::__future_base::_Result_base, std::__future_base::_Result_base::_Deleter&gt; ()&gt;*, bool*), std::__future_base::_State_baseV2*&amp;&amp;, std::function&lt;std::unique_ptr&lt;std::__future_base::_Result_base, std::__future_base::_Result_base::_Deleter&gt; ()&gt;*&amp;&amp;, bool*&amp;&amp;)::'lambda'()&gt;(void (std::__future_base::_State_baseV2::*&amp;)(std::function&lt;std::unique_ptr&lt;std::__future_base::_Result_base, std::__future_base::_Result_base::_Deleter&gt; ()&gt;*, bool*))::'lambda'()::__invoke() /usr/bin/../lib/gcc/x86_64-linux-gnu/13/../../../../include/c++/13/mutex:836:16 (F3_seqcst_fence_reference+0xe667f)
    #16 pthread_once &lt;null&gt; (F3_seqcst_fence_reference+0x663ed) (BuildId: 16683797eb70d11e989aa13aed445db120f79970)
    #17 __gthread_once(int*, void (*)()) /usr/bin/../lib/gcc/x86_64-linux-gnu/13/../../../../include/x86_64-linux-gnu/c++/13/bits/gthr-default.h:700:12 (F3_seqcst_fence_reference+0xe62b4) (BuildId: 16683797eb70d11e989aa13aed445db120f79970)
    #18 void std::call_once&lt;void (std::__future_base::_State_baseV2::*)(std::function&lt;std::unique_ptr&lt;std::__future_base::_Result_base, std::__future_base::_Result_base::_Deleter&gt; ()&gt;*, bool*), std::__future_base::_State_baseV2*, std::function&lt;std::unique_ptr&lt;std::__future_base::_Result_base, std::__future_base::_Result_base::_Deleter&gt; ()&gt;*, bool*&gt;(std::once_flag&amp;, void (std::__future_base::_State_baseV2::*&amp;&amp;)(std::function&lt;std::unique_ptr&lt;std::__future_base::_Result_base, std::__future_base::_Result_base::_Deleter&gt; ()&gt;*, bool*), std::__future_base::_State_baseV2*&amp;&amp;, std::function&lt;std::unique_ptr&lt;std::__future_base::_Result_base, std::__future_base::_Result_base::_Deleter&gt; ()&gt;*&amp;&amp;, bool*&amp;&amp;) /usr/bin/../lib/gcc/x86_64-linux-gnu/13/../../../../include/c++/13/mutex:907:21 (F3_seqcst_fence_reference+0xe62b4)
    #19 std::__future_base::_State_baseV2::_M_set_result(std::function&lt;std::unique_ptr&lt;std::__future_base::_Result_base, std::__future_base::_Result_base::_Deleter&gt; ()&gt;, bool) /usr/bin/../lib/gcc/x86_64-linux-gnu/13/../../../../include/c++/13/future:428:2 (F3_seqcst_fence_reference+0xe62b4)
    #20 std::__future_base::_Async_state_impl&lt;std::thread::_Invoker&lt;std::tuple&lt;fence_publication(int)::$_0&gt;&gt;, void&gt;::_M_run() /usr/bin/../lib/gcc/x86_64-linux-gnu/13/../../../../include/c++/13/future:1774:6 (F3_seqcst_fence_reference+0xe4c49) (BuildId: 16683797eb70d11e989aa13aed445db120f79970)
    #21 void std::__invoke_impl&lt;void, void (std::__future_base::_Async_state_impl&lt;std::thread::_Invoker&lt;std::tuple&lt;fence_publication(int)::$_0&gt;&gt;, void&gt;::*)(), std::__future_base::_Async_state_impl&lt;std::thread::_Invoker&lt;std::tuple&lt;fence_publication(int)::$_0&gt;&gt;, void&gt;*&gt;(std::__invoke_memfun_deref, void (std::__future_base::_Async_state_impl&lt;std::thread::_Invoker&lt;std::tuple&lt;fence_publication(int)::$_0&gt;&gt;, void&gt;::*&amp;&amp;)(), std::__future_base::_Async_state_impl&lt;std::thread::_Invoker&lt;std::tuple&lt;fence_publication(int)::$_0&gt;&gt;, void&gt;*&amp;&amp;) /usr/bin/../lib/gcc/x86_64-linux-gnu/13/../../../../include/c++/13/bits/invoke.h:74:14 (F3_seqcst_fence_reference+0xe510b) (BuildId: 16683797eb70d11e989aa13aed445db120f79970)
    #22 std::__invoke_result&lt;void (std::__future_base::_Async_state_impl&lt;std::thread::_Invoker&lt;std::tuple&lt;fence_publication(int)::$_0&gt;&gt;, void&gt;::*)(), std::__future_base::_Async_state_impl&lt;std::thread::_Invoker&lt;std::tuple&lt;fence_publication(int)::$_0&gt;&gt;, void&gt;*&gt;::type std::__invoke&lt;void (std::__future_base::_Async_state_impl&lt;std::thread::_Invoker&lt;std::tuple&lt;fence_publication(int)::$_0&gt;&gt;, void&gt;::*)(), std::__future_base::_Async_state_impl&lt;std::thread::_Invoker&lt;std::tuple&lt;fence_publication(int)::$_0&gt;&gt;, void&gt;*&gt;(void (std::__future_base::_Async_state_impl&lt;std::thread::_Invoker&lt;std::tuple&lt;fence_publication(int)::$_0&gt;&gt;, void&gt;::*&amp;&amp;)(), std::__future_base::_Async_state_impl&lt;std::thread::_Invoker&lt;std::tuple&lt;fence_publication(int)::$_0&gt;&gt;, void&gt;*&amp;&amp;) /usr/bin/../lib/gcc/x86_64-linux-gnu/13/../../../../include/c++/13/bits/invoke.h:96:14 (F3_seqcst_fence_reference+0xe510b)
    #23 void std::thread::_Invoker&lt;std::tuple&lt;void (std::__future_base::_Async_state_impl&lt;std::thread::_Invoker&lt;std::tuple&lt;fence_publication(int)::$_0&gt;&gt;, void&gt;::*)(), std::__future_base::_Async_state_impl&lt;std::thread::_Invoker&lt;std::tuple&lt;fence_publication(int)::$_0&gt;&gt;, void&gt;*&gt;&gt;::_M_invoke&lt;0ul, 1ul&gt;(std::_Index_tuple&lt;0ul, 1ul&gt;) /usr/bin/../lib/gcc/x86_64-linux-gnu/13/../../../../include/c++/13/bits/std_thread.h:292:13 (F3_seqcst_fence_reference+0xe510b)
    #24 std::thread::_Invoker&lt;std::tuple&lt;void (std::__future_base::_Async_state_impl&lt;std::thread::_Invoker&lt;std::tuple&lt;fence_publication(int)::$_0&gt;&gt;, void&gt;::*)(), std::__future_base::_Async_state_impl&lt;std::thread::_Invoker&lt;std::tuple&lt;fence_publication(int)::$_0&gt;&gt;, void&gt;*&gt;&gt;::operator()() /usr/bin/../lib/gcc/x86_64-linux-gnu/13/../../../../include/c++/13/bits/std_thread.h:299:11 (F3_seqcst_fence_reference+0xe510b)
    #25 std::thread::_State_impl&lt;std::thread::_Invoker&lt;std::tuple&lt;void (std::__future_base::_Async_state_impl&lt;std::thread::_Invoker&lt;std::tuple&lt;fence_publication(int)::$_0&gt;&gt;, void&gt;::*)(), std::__future_base::_Async_state_impl&lt;std::thread::_Invoker&lt;std::tuple&lt;fence_publication(int)::$_0&gt;&gt;, void&gt;*&gt;&gt;&gt;::_M_run() /usr/bin/../lib/gcc/x86_64-linux-gnu/13/../../../../include/c++/13/bits/std_thread.h:244:13 (F3_seqcst_fence_reference+0xe510b)
    #26 &lt;null&gt; &lt;null&gt; (libstdc++.so.6+0xecdb3) (BuildId: 753c6c8608b61d4e67be8f0c890e03e0aa046b8b)

  Location is stack of main thread.

  Location is global '??' at 0x7ffffffdd000 ([stack]+0x20b7c)

  Thread T7 (tid=729, finished) created by main thread at:
    #0 pthread_create &lt;null&gt; (F3_seqcst_fence_reference+0x6282f) (BuildId: 16683797eb70d11e989aa13aed445db120f79970)
    #1 std::thread::_M_start_thread(std::unique_ptr&lt;std::thread::_State, std::default_delete&lt;std::thread::_State&gt;&gt;, void (*)()) &lt;null&gt; (libstdc++.so.6+0xeceb0) (BuildId: 753c6c8608b61d4e67be8f0c890e03e0aa046b8b)
    #2 main /root/learncpp-c08-src/baseline-20260910-162842-fc6bb723/C08_Concurrency/exercises/F3_seqcst_fence/solution.cpp:75:42 (F3_seqcst_fence_reference+0xe4129) (BuildId: 16683797eb70d11e989aa13aed445db120f79970)

SUMMARY: ThreadSanitizer: data race /root/learncpp-c08-src/baseline-20260910-162842-fc6bb723/C08_Concurrency/exercises/F3_seqcst_fence/solution.cpp:64:26 in fence_publication(int)
==================
F3_reference OK: both-zero relaxed=0, RA=0, SC=0, SC-fence=0; three fence bridges
ThreadSanitizer: reported 1 warnings
</system-out>
	</testcase>
	<testcase name="F4_publish_pattern_reference" classname="F4_publish_pattern_reference" time="0.113481" status="run">
		<properties>
			<property name="cmake_labels" value="reference"/>
		</properties>
		<system-out>F4_reference OK: 2000 exact SPSC handoffs and safe slot reuse
</system-out>
	</testcase>
	<testcase name="G1_treiber_stack_reference" classname="G1_treiber_stack_reference" time="0.0550906" status="run">
		<properties>
			<property name="cmake_labels" value="reference"/>
		</properties>
		<system-out>G1 OK; pointer atomics lock-free=1; complete operation uses allocating/locking HP domain
</system-out>
	</testcase>
	<testcase name="G2_aba_problem_reference" classname="G2_aba_problem_reference" time="0.0185648" status="run">
		<properties>
			<property name="cmake_labels" value="reference"/>
		</properties>
		<system-out>plain stale CAS=1 atomic&lt;uint64_t&gt;.is_lock_free=1
tagged stale CAS=0 atomic&lt;uint64_t&gt;.is_lock_free=1
G2 OK: safe ABA history, tagged rejection, finite-width counterexample
</system-out>
	</testcase>
	<testcase name="G3_spsc_ringbuffer_reference" classname="G3_spsc_ringbuffer_reference" time="0.13861" status="run">
		<properties>
			<property name="cmake_labels" value="reference"/>
		</properties>
		<system-out>capacity=1 atomics lock-free=1,1
capacity=2 atomics lock-free=1,1
capacity=7 atomics lock-free=1,1
capacity=64 atomics lock-free=1,1
G3 OK: usable capacity, reuse, ordinary/cached FIFO
</system-out>
	</testcase>
	<testcase name="H1_latch_barrier_reference" classname="H1_latch_barrier_reference" time="0.0190433" status="run">
		<properties>
			<property name="cmake_labels" value="reference"/>
		</properties>
		<system-out>H1 OK: preparation, gate, phases, completion, split arrival, drop
</system-out>
	</testcase>
	<testcase name="H2_semaphore_reference" classname="H2_semaphore_reference" time="0.0241937" status="run">
		<properties>
			<property name="cmake_labels" value="reference"/>
		</properties>
		<system-out>H2 OK: upper bound, returned permits, timed failure, 100 handshakes
</system-out>
	</testcase>
	<testcase name="H3_atomic_wait_notify_reference" classname="H3_atomic_wait_notify_reference" time="0.01694" status="run">
		<properties>
			<property name="cmake_labels" value="reference"/>
		</properties>
		<system-out>H3_reference OK: one-shot, controlled ABA history, 1000 generations
</system-out>
	</testcase>
	<testcase name="I1_atomic_shared_ptr_reference" classname="I1_atomic_shared_ptr_reference" time="0.0208163" status="run">
		<properties>
			<property name="cmake_labels" value="reference"/>
		</properties>
		<system-out>I1_reference OK: lifetime, replacement, 2000 cumulative updates; lock-free=0
</system-out>
	</testcase>
	<testcase name="I2_hazard_pointer_reference" classname="I2_hazard_pointer_reference" time="0.0273039" status="run">
		<properties>
			<property name="cmake_labels" value="reference"/>
		</properties>
		<system-out>HP: 4000 unique IDs, exact destruction, LIFO PASS
</system-out>
	</testcase>
	<testcase name="I3_rcu_reference" classname="I3_rcu_reference" time="0.0371169" status="run">
		<properties>
			<property name="cmake_labels" value="reference"/>
		</properties>
		<system-out>RCU: 8000/8000 consistent reads, 65 destructions PASS
</system-out>
	</testcase>
	<testcase name="J1_false_sharing_reference" classname="J1_false_sharing_reference" time="0.019795" status="run">
		<properties>
			<property name="cmake_labels" value="reference"/>
		</properties>
		<system-out>J1 OK: private counts, true sharing, batched tail and publication count
</system-out>
	</testcase>
	<testcase name="J2_interference_size_reference" classname="J2_interference_size_reference" time="0.011134" status="run">
		<properties>
			<property name="cmake_labels" value="reference"/>
		</properties>
		<system-out>J2 OK: hints=64/64 packed_offsets=0,8 padded_stride=64 same_hint_region=1 hot_record=16 lock_free=1
</system-out>
	</testcase>
	<testcase name="J3_numa_concept_reference" classname="J3_numa_concept_reference" time="0.0196878" status="run">
		<properties>
			<property name="cmake_labels" value="reference"/>
		</properties>
		<system-out>Linux: sched_getaffinity + sysfs socket/core/node + Mems_allowed_list
base_page_bytes=4096 allowed_memory_nodes=0 
group,cpu,socket,core,node (same group/socket/core rows are SMT siblings)
0,0,0,0,0
0,1,0,0,0
0,2,0,1,0
0,3,0,1,0
0,4,0,2,0
0,5,0,2,0
0,6,0,3,0
0,7,0,3,0
0,8,0,4,0
0,9,0,4,0
0,10,0,5,0
0,11,0,5,0
0,12,0,6,0
0,13,0,6,0
0,14,0,7,0
0,15,0,7,0
0,16,0,8,0
0,17,0,8,0
0,18,0,9,0
0,19,0,9,0
0,20,0,10,0
0,21,0,10,0
0,22,0,11,0
0,23,0,11,0
requested=0:0 actual-before=0:0 actual-after=0:0 node=0
requested=0:1 actual-before=0:1 actual-after=0:1 node=0
requested=0:2 actual-before=0:2 actual-after=0:2 node=0
requested=0:3 actual-before=0:3 actual-after=0:3 node=0
J3 topology/affinity OK; page placement is checked separately in N1
</system-out>
	</testcase>
	<testcase name="K1_simd_basics_reference" classname="K1_simd_basics_reference" time="0.0155146" status="run">
		<properties>
			<property name="cmake_labels" value="reference"/>
		</properties>
		<system-out>SKIP optional backend 2
SKIP optional backend 3
K1 Reference OK
</system-out>
	</testcase>
	<testcase name="K2_simd_dotproduct_reference" classname="K2_simd_dotproduct_reference" time="0.014898" status="run">
		<properties>
			<property name="cmake_labels" value="reference"/>
		</properties>
		<system-out>K2 OK; SSE2=1; FMA differs by design
</system-out>
	</testcase>
	<testcase name="K3_simd_where_select_reference" classname="K3_simd_where_select_reference" time="0.0149839" status="run">
		<properties>
			<property name="cmake_labels" value="reference"/>
		</properties>
		<system-out>SKIP optional backend 2
SKIP optional backend 3
K3 Reference OK
</system-out>
	</testcase>
	<testcase name="L1_par_algorithms_reference" classname="L1_par_algorithms_reference" time="0.0120706" status="run">
		<properties>
			<property name="cmake_labels" value="reference"/>
		</properties>
		<system-out>L1 Reference OK
</system-out>
	</testcase>
	<testcase name="L2_parallel_reduce_scan_reference" classname="L2_parallel_reduce_scan_reference" time="0.0151046" status="run">
		<properties>
			<property name="cmake_labels" value="reference"/>
		</properties>
		<system-out>L2 Reference OK; policy capability=1
</system-out>
	</testcase>
	<testcase name="L3_par_vs_seq_bench_reference" classname="L3_par_vs_seq_bench_reference" time="0.0154153" status="run">
		<properties>
			<property name="cmake_labels" value="reference"/>
		</properties>
		<system-out>suite,variant,size,threads,milliseconds,completed,details
"policy_map_light","plain",17,1,0.00029,17,"map and contract validation included; allocation/init/oracle excluded; workload=light; threads=0: backend unmeasured; threads=1: caller; geometric_degree=96 for heavy"
"policy_map_light","seq",17,1,0.00023,17,"map and contract validation included; allocation/init/oracle excluded; workload=light; threads=0: backend unmeasured; threads=1: caller; geometric_degree=96 for heavy"
"policy_map_light","par",17,0,0.0002,17,"map and contract validation included; allocation/init/oracle excluded; workload=light; threads=0: backend unmeasured; threads=1: caller; geometric_degree=96 for heavy"
"policy_map_light","unseq",17,1,0.00014,17,"map and contract validation included; allocation/init/oracle excluded; workload=light; threads=0: backend unmeasured; threads=1: caller; geometric_degree=96 for heavy"
"policy_map_light","par_unseq",17,0,0.0001,17,"map and contract validation included; allocation/init/oracle excluded; workl...
[This part of the test output was removed since it exceeds the threshold of 1024 bytes.]
</system-out>
	</testcase>
	<testcase name="M1_work_stealing_pool_reference" classname="M1_work_stealing_pool_reference" time="0.0324004" status="run">
		<properties>
			<property name="cmake_labels" value="reference"/>
		</properties>
		<system-out>M1 reference OK: variants, recursion, errors, drain, stealing
</system-out>
	</testcase>
	<testcase name="M2_execution_bridge_reference" classname="M2_execution_bridge_reference" time="0.0151786" status="notrun">
		<skipped message="SKIP_RETURN_CODE=77"/>
		<properties>
			<property name="cmake_labels" value="reference"/>
		</properties>
		<system-out>SKIP: CS_HAS_STDEXEC=0; enable pinned nvhpc-26.05 dependency
</system-out>
	</testcase>
	<testcase name="N1_numa_placement_reference" classname="N1_numa_placement_reference" time="0.0251648" status="notrun">
		<skipped message="SKIP_RETURN_CODE=77"/>
		<properties>
			<property name="cmake_labels" value="reference"/>
		</properties>
		<system-out>pure models PASS: interleave phase/order; per-Part result merge (no simulated hardware measurements)
Linux: sched_getaffinity + sysfs socket/core/node + Mems_allowed_list
base_page_bytes=4096 allowed_memory_nodes=0 
group,cpu,socket,core,node (same group/socket/core rows are SMT siblings)
0,0,0,0,0
0,1,0,0,0
0,2,0,1,0
0,3,0,1,0
0,4,0,2,0
0,5,0,2,0
0,6,0,3,0
0,7,0,3,0
0,8,0,4,0
0,9,0,4,0
0,10,0,5,0
0,11,0,5,0
0,12,0,6,0
0,13,0,6,0
0,14,0,7,0
0,15,0,7,0
0,16,0,8,0
0,17,0,8,0
0,18,0,9,0
0,19,0,9,0
0,20,0,10,0
0,21,0,10,0
0,22,0,11,0
0,23,0,11,0
layout=contiguous-anonymous-VMA; MADV_NOHUGEPAGE; page_bytes=4096
shared-before-touch: node=-1 pages=32 (-1=not resident/unverifiable)
shared-before-read: node=0 pages=32 (-1=not resident/unverifiable)
shared-after-read: node=0 pages=32 (-1=not resident/unverifiable)
shared-reader=0 actual-before=0:0 node=0 actual-after=0:0 node=0
shared read local check passed; cross-node readers unavailable
Part shared-read: SKIP
layout=contiguous-anonymous-VMA; MADV_NOHUGEPAGE; page_bytes=4096
before-touch: node=-1 pages=128 (-1=not resident/unverifiable)
after-touch: node=0 pages=128 (-1=not resident/unverifiable)
before-timing: node=0 pages=128 (-1=not resident/unverifiable)
reader=0 requested=0:0 actual-before=0:0 node=0 actual-after=0:0 node=0
initializer=0 actual-before=0:0 node=0 actual-after=0:0 node=0
after-timing: node=0 pages=128 (-1=not resident/unverifiable)
reader=0 requested=0:0 actual-before=0:0 node=0 actual-after=0:0 node=0
initializer=0 actual-before=0:0 node=0 actual-after=0:0 node=0
Part local: PASS
layout=contiguous-anonymous-VMA; MADV_NOHUGEPAGE; page_bytes=4096
before-touch: node=-1 pages=128 (-1=not resident/unverifiable)
after-touch: node=0 pages=128 (-1=not resident/unverifiable)
before-timing: node=0 pages=128 (-1=not resident/unverifiable)
reader=0 requested=0:0 actual-before=0:0 node=0 actual-after=0:0 node=0
reader=1 requested=0:2 actual-before=0:2 node=0 actual-after=0:2 node=0
initializer=0 actual-before=0:0 node=0 actual-after=0:0 node=0
after-timing: node=0 pages=128 (-1=not resident/unverifiable)
reader=0 requested=0:0 actual-before=0:0 node=0 actual-after=0:0 node=0
reader=1 requested=0:2 actual-before=0:2 node=0 actual-after=0:2 node=0
initializer=0 actual-before=0:0 node=0 actual-after=0:0 node=0
Part firsttouch: PASS
layout=contiguous-anonymous-VMA; MADV_NOHUGEPAGE; page_bytes=4096
before-touch: node=-1 pages=128 (-1=not resident/unverifiable)
after-touch: node=0 pages=128 (-1=not resident/unverifiable)
before-timing: node=0 pages=128 (-1=not resident/unverifiable)
reader=0 requested=0:0 actual-before=0:0 node=0 actual-after=0:0 node=0
reader=1 requested=0:2 actual-before=0:2 node=0 actual-after=0:2 node=0
initializer=0 actual-before=0:0 node=0 actual-after=0:0 node=0
initializer=1 actual-before=0:2 node=0 actual-after=0:2 node=0
after-timing: node=0 pages=128 (-1=not resident/unverifiable)
reader=0 requested=0:0 actual-before=0:0 node=0 actual-after=0:0 node=0
reader=1 requested=0:2 actual-before=0:2 node=0 actual-after=0:2 node=0
initializer=0 actual-before=0:0 node=0 actual-after=0:0 node=0
initializer=1 actual-before=0:2 node=0 actual-after=0:2 node=0
Part parallel-init: PASS
remote SKIP: only one eligible memory node; remote/interleave comparison unavailable
Part remote: SKIP
interleaved SKIP: only one eligible memory node; remote/interleave comparison unavailable
Part interleaved: SKIP
N1 summary: passed=3 skipped=3 failed=0 exit=77
</system-out>
	</testcase>
	<testcase name="P1_object_lifetime_reference" classname="P1_object_lifetime_reference" time="0.0156711" status="run">
		<properties>
			<property name="cmake_labels" value="reference"/>
		</properties>
		<system-out>Part 1: construct 1, construct 2, destroy 2, destroy 1
Part 2: copy=11, original=21, moved owner=42
Part 3: copy=3, referenced original=7, invoke lambda=42
Part 4: destroy 2, destroy 1, then handler
Part 5: owned=(10,saved); borrowed follows (20,later), wrapper writes 22, tie assigns 30
Part 6: calls before invocation=0; owned=13, borrowed=24; moved argument result=42
P1_reference OK
</system-out>
	</testcase>
	<testcase name="P2_result_states_reference" classname="P2_result_states_reference" time="0.0150843" status="run">
		<properties>
			<property name="cmake_labels" value="reference"/>
		</properties>
		<system-out>Part 1: empty -&gt; valid/pending -&gt; moved -&gt; ready -&gt; get 42 -&gt; invalid
Part 2: ready(exception), wait returns, get rethrows, invalid
Part 3: duplicate future/value rejected; abandonment -&gt; broken_promise
Part 4: two handles, one immutable result; void completion consumed
P2_reference OK
</system-out>
	</testcase>
	<testcase name="Q0_queue_baseline_reference" classname="Q0_queue_baseline_reference" time="0.044641" status="run">
		<properties>
			<property name="cmake_labels" value="reference"/>
		</properties>
		<system-out>Q0_reference OK: FIFO, capacity, per-producer order, 3000 unique IDs
</system-out>
	</testcase>
	<testcase name="Q1_mpsc_queue_reference" classname="Q1_mpsc_queue_reference" time="0.0305503" status="run">
		<properties>
			<property name="cmake_labels" value="reference"/>
		</properties>
		<system-out>Q1 OK: producer order, exact IDs, deterministic publication gap; atomics lock-free=1
</system-out>
	</testcase>
	<testcase name="Q2_ms_queue_reference" classname="Q2_ms_queue_reference" time="0.189315" status="run">
		<properties>
			<property name="cmake_labels" value="reference"/>
		</properties>
		<system-out>MS pointer atomics lock-free=1; whole operation may allocate and acquire HP locks
Q2 OK: FIFO, MPSC/SPMC/MPMC IDs, in-run reclamation and final drain
</system-out>
	</testcase>
	<testcase name="R1_epoch_reclamation_reference" classname="R1_epoch_reclamation_reference" time="0.0172835" status="run">
		<properties>
			<property name="cmake_labels" value="reference"/>
		</properties>
		<system-out>EBR: long reader retained 64 objects (256 payload bytes); exit reclaimed 64; final total 65 PASS
</system-out>
	</testcase>
	<testcase name="R2_qsbr_reference" classname="R2_qsbr_reference" time="0.0131943" status="run">
		<properties>
			<property name="cmake_labels" value="reference"/>
		</properties>
		<system-out>QSBR: no report retains 64; quiescent releases 64 while online; total 65 PASS
</system-out>
	</testcase>
	<testcase name="runtime_atomic_protocol_test" classname="runtime_atomic_protocol_test" time="0.0152486" status="run">
		<properties>
			<property name="cmake_labels" value="runtime"/>
		</properties>
		<system-out>atomic_protocol_test OK: six schedules and CAS return contracts
</system-out>
	</testcase>
	<testcase name="runtime_common_tools_test" classname="runtime_common_tools_test" time="0.0135777" status="run">
		<properties>
			<property name="cmake_labels" value="runtime"/>
		</properties>
		<system-out></system-out>
	</testcase>
	<testcase name="runtime_numeric_test" classname="runtime_numeric_test" time="0.0255881" status="run">
		<properties>
			<property name="cmake_labels" value="runtime"/>
		</properties>
		<system-out>SKIP backend 2
SKIP backend 3
numeric_test OK: lengths, tails, alignment, permutations, precision, IEEE policy, GEMM, workers
</system-out>
	</testcase>
	<testcase name="runtime_queue_history_test" classname="runtime_queue_history_test" time="0.0975716" status="run">
		<properties>
			<property name="cmake_labels" value="runtime"/>
		</properties>
		<system-out>queue_history OK: actual small histories, oracle counterexamples, gap/wrap models
</system-out>
	</testcase>
	<testcase name="runtime_lifetime_reference" classname="runtime_lifetime_reference" time="0.0153552" status="run">
		<properties>
			<property name="cmake_labels" value="runtime"/>
		</properties>
		<system-out>atomic&lt;shared_ptr&gt;.is_lock_free=0
delay model, strong ownership, ABA/tag model PASS
</system-out>
	</testcase>
	<testcase name="runtime_benchmark_tools" classname="runtime_benchmark_tools" time="0.20537" status="run">
		<properties>
			<property name="cmake_labels" value="tools"/>
		</properties>
		<system-out>.........s
----------------------------------------------------------------------
Ran 10 tests in 0.139s

OK (skipped=1)
</system-out>
	</testcase>
</testsuite>
